2024-02-16 18:12:34,716 - basicLogger - INFO - Retrieving Hotel Room at index 0
2024-02-16 18:12:44,216 - basicLogger - INFO - Retrieving Hotel Room at index 0
2024-02-16 18:13:23,480 - basicLogger - INFO - Retrieving Hotel Room at index 0
2024-02-16 18:13:29,753 - basicLogger - INFO - Retrieving Hotel Room at index 0
2024-02-16 18:16:23,886 - basicLogger - INFO - Retrieving Hotel Room at index 0
2024-02-16 18:19:56,991 - basicLogger - INFO - Retrieving Hotel Room at index 0
2024-02-16 18:23:58,930 - basicLogger - INFO - Retrieving Hotel Room at index 0
2024-02-16 18:24:00,086 - basicLogger - INFO - Hotel Room in 0: {'type': 'hotel room', 'datetime': '2024-02-16T11:00:52', 'payload': {'hotel_id': 'CA-01', 'customer_id': 'd290f1ee-6c54-4b01-90e6-d701748f0851', 'room_id': 'A101', 'room_type': 'Single Bed', 'num_of_people': 1, 'check_in_date': '2023-08-08', 'check_out_date': '2023-08-13', 'timestamp': '2023-07-29T09:12:33.001Z', 'trace_id': 'b64d32d2-5e3c-42cd-a66f-e411170800cd'}}
2024-02-16 18:28:56,038 - basicLogger - INFO - Retrieving Hotel Room at index 0
2024-02-16 18:28:57,196 - basicLogger - INFO - Hotel Room in 0: {'type': 'hotel room', 'datetime': '2024-02-16T11:00:52', 'payload': {'hotel_id': 'CA-01', 'customer_id': 'd290f1ee-6c54-4b01-90e6-d701748f0851', 'room_id': 'A101', 'room_type': 'Single Bed', 'num_of_people': 1, 'check_in_date': '2023-08-08', 'check_out_date': '2023-08-13', 'timestamp': '2023-07-29T09:12:33.001Z', 'trace_id': 'b64d32d2-5e3c-42cd-a66f-e411170800cd'}}
2024-02-16 18:32:53,559 - basicLogger - INFO - Retrieving Hotel Room at index 0
2024-02-16 18:32:55,077 - basicLogger - INFO - Hotel Room in 0: {'type': 'hotel room', 'datetime': '2024-02-16T11:00:52', 'payload': {'hotel_id': 'CA-01', 'customer_id': 'd290f1ee-6c54-4b01-90e6-d701748f0851', 'room_id': 'A101', 'room_type': 'Single Bed', 'num_of_people': 1, 'check_in_date': '2023-08-08', 'check_out_date': '2023-08-13', 'timestamp': '2023-07-29T09:12:33.001Z', 'trace_id': 'b64d32d2-5e3c-42cd-a66f-e411170800cd'}}
2024-02-16 18:35:14,418 - basicLogger - INFO - Retrieving Hotel Room at index 0
2024-02-16 18:35:14,554 - basicLogger - ERROR - No more messages found
2024-02-16 18:35:14,554 - basicLogger - ERROR - Could not find Hotel Room at index 0
2024-02-16 18:36:25,092 - basicLogger - INFO - Retrieving Hotel Room at index 0
2024-02-16 18:36:25,240 - basicLogger - ERROR - No more messages found
2024-02-16 18:36:25,241 - basicLogger - ERROR - Could not find Hotel Room at index 0
2024-02-16 18:36:30,122 - basicLogger - INFO - Retrieving Hotel Room at index 0
2024-02-16 18:36:30,257 - basicLogger - ERROR - No more messages found
2024-02-16 18:36:30,257 - basicLogger - ERROR - Could not find Hotel Room at index 0
2024-02-16 18:37:09,283 - basicLogger - INFO - Retrieving Hotel Activity at index 0
2024-02-16 18:37:10,434 - basicLogger - INFO - Hotel Activity in 0: {'type': 'hotel activity', 'datetime': '2024-02-16T11:02:30', 'payload': {'hotel_id': 'CA-02', 'customer_id': 'd290f1ee-6c54-4b01-90e6-d701748f0851', 'activity_id': 'C1', 'activity_name': 'Rock Climbing', 'num_of_people': 3, 'reservation_date': '2023-08-09', 'timestamp': '2023-08-08T09:12:33.001Z', 'trace_id': '018a89e3-ba63-407b-9021-6ef7c8d25db1'}}
2024-02-16 18:37:51,459 - basicLogger - INFO - Retrieving Hotel Activity at index 0
2024-02-16 18:37:52,603 - basicLogger - INFO - Hotel Activity in 0: {'type': 'hotel activity', 'datetime': '2024-02-16T11:02:30', 'payload': {'hotel_id': 'CA-02', 'customer_id': 'd290f1ee-6c54-4b01-90e6-d701748f0851', 'activity_id': 'C1', 'activity_name': 'Rock Climbing', 'num_of_people': 3, 'reservation_date': '2023-08-09', 'timestamp': '2023-08-08T09:12:33.001Z', 'trace_id': '018a89e3-ba63-407b-9021-6ef7c8d25db1'}}
2024-02-16 18:39:42,770 - basicLogger - INFO - Retrieving Hotel Room at index 0
2024-02-16 18:39:42,916 - basicLogger - ERROR - No more messages found
2024-02-16 18:39:42,917 - basicLogger - ERROR - Could not find Hotel Room at index 0
2024-02-16 18:39:51,658 - basicLogger - INFO - Retrieving Hotel Activity at index 0
2024-02-16 18:39:52,806 - basicLogger - INFO - Hotel Activity in 0: {'type': 'hotel activity', 'datetime': '2024-02-16T11:02:30', 'payload': {'hotel_id': 'CA-02', 'customer_id': 'd290f1ee-6c54-4b01-90e6-d701748f0851', 'activity_id': 'C1', 'activity_name': 'Rock Climbing', 'num_of_people': 3, 'reservation_date': '2023-08-09', 'timestamp': '2023-08-08T09:12:33.001Z', 'trace_id': '018a89e3-ba63-407b-9021-6ef7c8d25db1'}}
2024-02-16 18:40:35,940 - basicLogger - INFO - Retrieving Hotel Room at index 0
2024-02-16 18:40:36,083 - basicLogger - ERROR - No more messages found
2024-02-16 18:40:36,084 - basicLogger - ERROR - Could not find Hotel Room at index 0
2024-02-16 18:41:00,467 - basicLogger - INFO - Retrieving Hotel Room at index 0
2024-02-16 18:41:00,611 - basicLogger - ERROR - No more messages found
2024-02-16 18:41:00,614 - basicLogger - ERROR - Could not find Hotel Room at index 0
2024-02-16 18:41:08,892 - basicLogger - INFO - Retrieving Hotel Activity at index 0
2024-02-16 18:41:09,067 - basicLogger - ERROR - No more messages found
2024-02-16 18:41:09,068 - basicLogger - ERROR - Could not find Hotel Activity at index 0
2024-02-16 18:44:23,333 - basicLogger - INFO - Retrieving Hotel Room at index 0
2024-02-16 18:44:23,383 - basicLogger - ERROR - No more messages found
2024-02-16 18:44:23,384 - basicLogger - ERROR - Could not find Hotel Room at index 0
2024-02-16 18:44:31,000 - basicLogger - INFO - Retrieving Hotel Room at index 1
2024-02-16 18:44:31,045 - basicLogger - ERROR - No more messages found
2024-02-16 18:44:31,046 - basicLogger - ERROR - Could not find Hotel Room at index 1
2024-02-16 18:44:35,610 - basicLogger - INFO - Retrieving Hotel Room at index 0
2024-02-16 18:44:35,652 - basicLogger - ERROR - No more messages found
2024-02-16 18:44:35,652 - basicLogger - ERROR - Could not find Hotel Room at index 0
2024-02-16 18:49:20,398 - basicLogger - INFO - Retrieving Hotel Room at index 0
2024-02-16 18:49:20,441 - basicLogger - ERROR - No more messages found
2024-02-16 18:49:20,441 - basicLogger - ERROR - Could not find Hotel Room at index 0
2024-02-16 19:01:41,579 - basicLogger - INFO - Retrieving Hotel Room at index 0
2024-02-16 19:01:41,633 - basicLogger - ERROR - No more messages found
2024-02-16 19:01:41,635 - basicLogger - ERROR - Could not find Hotel Room at index 0
2024-02-16 19:12:27,758 - basicLogger - INFO - Retrieving Hotel Room at index 0
2024-02-16 19:12:28,815 - basicLogger - INFO - Hotel Room in 0: {'type': 'hotel_room', 'datetime': '2024-02-16T18:49:07', 'payload': {'hotel_id': 'CA-01', 'customer_id': 'd290f1ee-6c54-4b01-90e6-d701748f0851', 'room_id': 'A101', 'room_type': 'Single Bed', 'num_of_people': 1, 'check_in_date': '2023-08-08', 'check_out_date': '2023-08-13', 'timestamp': '2023-07-29T09:12:33.001Z', 'trace_id': 'bad1ef75-4a7e-4243-9718-08a3749326d5'}}
2024-02-16 19:12:41,260 - basicLogger - INFO - Retrieving Hotel Activity at index 0
2024-02-16 19:12:42,311 - basicLogger - ERROR - No more messages found
2024-02-16 19:12:42,313 - basicLogger - ERROR - Could not find Hotel Activity at index 0
2024-02-16 19:13:19,232 - basicLogger - INFO - Retrieving Hotel Activity at index 0
2024-02-16 19:13:20,285 - basicLogger - INFO - Hotel Activity in 0: {'type': 'hotel_activity', 'datetime': '2024-02-16T19:13:06', 'payload': {'hotel_id': 'CA-02', 'customer_id': 'd290f1ee-6c54-4b01-90e6-d701748f0851', 'activity_id': 'C1', 'activity_name': 'Rock Climbing', 'num_of_people': 3, 'reservation_date': '2023-08-09', 'timestamp': '2023-08-08T09:12:33.001Z', 'trace_id': 'af7ee966-9966-4ed7-bad2-fdafe0d8b432'}}
2024-02-16 19:13:25,916 - basicLogger - INFO - Retrieving Hotel Activity at index 1
2024-02-16 19:13:26,964 - basicLogger - ERROR - No more messages found
2024-02-16 19:13:26,965 - basicLogger - ERROR - Could not find Hotel Activity at index 1
2024-02-16 19:13:42,188 - basicLogger - INFO - Retrieving Hotel Room at index 0
2024-02-16 19:13:43,238 - basicLogger - INFO - Hotel Room in 0: {'type': 'hotel_room', 'datetime': '2024-02-16T18:49:07', 'payload': {'hotel_id': 'CA-01', 'customer_id': 'd290f1ee-6c54-4b01-90e6-d701748f0851', 'room_id': 'A101', 'room_type': 'Single Bed', 'num_of_people': 1, 'check_in_date': '2023-08-08', 'check_out_date': '2023-08-13', 'timestamp': '2023-07-29T09:12:33.001Z', 'trace_id': 'bad1ef75-4a7e-4243-9718-08a3749326d5'}}
2024-02-16 19:13:46,769 - basicLogger - INFO - Retrieving Hotel Room at index 0
2024-02-16 19:13:47,821 - basicLogger - INFO - Hotel Room in 0: {'type': 'hotel_room', 'datetime': '2024-02-16T18:49:07', 'payload': {'hotel_id': 'CA-01', 'customer_id': 'd290f1ee-6c54-4b01-90e6-d701748f0851', 'room_id': 'A101', 'room_type': 'Single Bed', 'num_of_people': 1, 'check_in_date': '2023-08-08', 'check_out_date': '2023-08-13', 'timestamp': '2023-07-29T09:12:33.001Z', 'trace_id': 'bad1ef75-4a7e-4243-9718-08a3749326d5'}}
2024-02-16 19:19:52,026 - basicLogger - INFO - Retrieving Hotel Room at index 100
2024-02-16 19:19:52,206 - basicLogger - ERROR - No more messages found
2024-02-16 19:19:52,207 - basicLogger - ERROR - Could not find Hotel Room at index 100
2024-02-16 19:19:55,970 - basicLogger - INFO - Retrieving Hotel Room at index 100
2024-02-16 19:19:56,141 - basicLogger - ERROR - No more messages found
2024-02-16 19:19:56,141 - basicLogger - ERROR - Could not find Hotel Room at index 100
2024-02-16 19:20:08,505 - basicLogger - INFO - Retrieving Hotel Room at index 0
2024-02-16 19:20:08,677 - basicLogger - ERROR - No more messages found
2024-02-16 19:20:08,678 - basicLogger - ERROR - Could not find Hotel Room at index 0
2024-02-16 19:20:11,509 - basicLogger - INFO - Retrieving Hotel Room at index 0
2024-02-16 19:20:11,684 - basicLogger - ERROR - No more messages found
2024-02-16 19:20:11,685 - basicLogger - ERROR - Could not find Hotel Room at index 0
2024-02-16 19:20:46,983 - basicLogger - INFO - Retrieving Hotel Room at index 0
2024-02-16 19:20:47,166 - basicLogger - ERROR - No more messages found
2024-02-16 19:20:47,167 - basicLogger - ERROR - Could not find Hotel Room at index 0
2024-02-16 19:20:49,542 - basicLogger - INFO - Retrieving Hotel Room at index 0
2024-02-16 19:20:49,715 - basicLogger - ERROR - No more messages found
2024-02-16 19:20:49,716 - basicLogger - ERROR - Could not find Hotel Room at index 0
2024-02-16 19:20:51,789 - basicLogger - INFO - Retrieving Hotel Room at index 0
2024-02-16 19:20:51,968 - basicLogger - ERROR - No more messages found
2024-02-16 19:20:51,968 - basicLogger - ERROR - Could not find Hotel Room at index 0
2024-02-16 19:20:54,201 - basicLogger - INFO - Retrieving Hotel Room at index 0
2024-02-16 19:20:54,377 - basicLogger - ERROR - No more messages found
2024-02-16 19:20:54,378 - basicLogger - ERROR - Could not find Hotel Room at index 0
2024-02-16 19:20:55,237 - basicLogger - INFO - Retrieving Hotel Room at index 0
2024-02-16 19:20:55,408 - basicLogger - ERROR - No more messages found
2024-02-16 19:20:55,410 - basicLogger - ERROR - Could not find Hotel Room at index 0
2024-02-16 19:20:56,408 - basicLogger - INFO - Retrieving Hotel Room at index 0
2024-02-16 19:20:56,575 - basicLogger - ERROR - No more messages found
2024-02-16 19:20:56,576 - basicLogger - ERROR - Could not find Hotel Room at index 0
2024-02-16 19:20:57,485 - basicLogger - INFO - Retrieving Hotel Room at index 0
2024-02-16 19:20:57,656 - basicLogger - ERROR - No more messages found
2024-02-16 19:20:57,656 - basicLogger - ERROR - Could not find Hotel Room at index 0
2024-02-16 19:20:58,531 - basicLogger - INFO - Retrieving Hotel Room at index 0
2024-02-16 19:20:58,792 - basicLogger - ERROR - No more messages found
2024-02-16 19:20:58,792 - basicLogger - ERROR - Could not find Hotel Room at index 0
2024-02-16 19:20:59,852 - basicLogger - INFO - Retrieving Hotel Room at index 0
2024-02-16 19:21:00,233 - basicLogger - ERROR - No more messages found
2024-02-16 19:21:00,236 - basicLogger - ERROR - Could not find Hotel Room at index 0
2024-02-16 19:21:01,237 - basicLogger - INFO - Retrieving Hotel Room at index 0
2024-02-16 19:21:01,406 - basicLogger - ERROR - No more messages found
2024-02-16 19:21:01,408 - basicLogger - ERROR - Could not find Hotel Room at index 0
2024-02-16 19:21:02,648 - basicLogger - INFO - Retrieving Hotel Room at index 0
2024-02-16 19:21:02,823 - basicLogger - ERROR - No more messages found
2024-02-16 19:21:02,824 - basicLogger - ERROR - Could not find Hotel Room at index 0
2024-02-16 19:21:03,807 - basicLogger - INFO - Retrieving Hotel Room at index 0
2024-02-16 19:21:03,975 - basicLogger - ERROR - No more messages found
2024-02-16 19:21:03,976 - basicLogger - ERROR - Could not find Hotel Room at index 0
2024-02-16 19:21:30,151 - basicLogger - INFO - Retrieving Hotel Room at index 0
2024-02-16 19:21:30,328 - basicLogger - ERROR - No more messages found
2024-02-16 19:21:30,328 - basicLogger - ERROR - Could not find Hotel Room at index 0
2024-02-16 19:21:31,464 - basicLogger - INFO - Retrieving Hotel Room at index 0
2024-02-16 19:21:31,634 - basicLogger - ERROR - No more messages found
2024-02-16 19:21:31,635 - basicLogger - ERROR - Could not find Hotel Room at index 0
2024-02-16 19:21:32,833 - basicLogger - INFO - Retrieving Hotel Room at index 0
2024-02-16 19:21:33,008 - basicLogger - ERROR - No more messages found
2024-02-16 19:21:33,009 - basicLogger - ERROR - Could not find Hotel Room at index 0
2024-02-16 19:21:34,010 - basicLogger - INFO - Retrieving Hotel Room at index 0
2024-02-16 19:21:34,181 - basicLogger - ERROR - No more messages found
2024-02-16 19:21:34,182 - basicLogger - ERROR - Could not find Hotel Room at index 0
2024-02-16 19:21:35,165 - basicLogger - INFO - Retrieving Hotel Room at index 0
2024-02-16 19:21:35,342 - basicLogger - ERROR - No more messages found
2024-02-16 19:21:35,344 - basicLogger - ERROR - Could not find Hotel Room at index 0
2024-02-16 19:21:36,443 - basicLogger - INFO - Retrieving Hotel Room at index 0
2024-02-16 19:21:36,625 - basicLogger - ERROR - No more messages found
2024-02-16 19:21:36,627 - basicLogger - ERROR - Could not find Hotel Room at index 0
2024-02-16 19:21:55,972 - basicLogger - INFO - Retrieving Hotel Room at index 0
2024-02-16 19:21:56,144 - basicLogger - ERROR - No more messages found
2024-02-16 19:21:56,145 - basicLogger - ERROR - Could not find Hotel Room at index 0
2024-02-16 19:21:58,265 - basicLogger - INFO - Retrieving Hotel Room at index 0
2024-02-16 19:21:58,434 - basicLogger - ERROR - No more messages found
2024-02-16 19:21:58,434 - basicLogger - ERROR - Could not find Hotel Room at index 0
2024-02-16 19:21:59,425 - basicLogger - INFO - Retrieving Hotel Room at index 0
2024-02-16 19:21:59,603 - basicLogger - ERROR - No more messages found
2024-02-16 19:21:59,604 - basicLogger - ERROR - Could not find Hotel Room at index 0
2024-02-16 19:22:00,612 - basicLogger - INFO - Retrieving Hotel Room at index 0
2024-02-16 19:22:00,783 - basicLogger - ERROR - No more messages found
2024-02-16 19:22:00,784 - basicLogger - ERROR - Could not find Hotel Room at index 0
2024-02-16 19:22:01,693 - basicLogger - INFO - Retrieving Hotel Room at index 0
2024-02-16 19:22:01,860 - basicLogger - ERROR - No more messages found
2024-02-16 19:22:01,861 - basicLogger - ERROR - Could not find Hotel Room at index 0
2024-02-16 19:22:02,712 - basicLogger - INFO - Retrieving Hotel Room at index 0
2024-02-16 19:22:02,883 - basicLogger - ERROR - No more messages found
2024-02-16 19:22:02,883 - basicLogger - ERROR - Could not find Hotel Room at index 0
2024-02-16 19:22:03,723 - basicLogger - INFO - Retrieving Hotel Room at index 0
2024-02-16 19:22:03,915 - basicLogger - ERROR - No more messages found
2024-02-16 19:22:03,916 - basicLogger - ERROR - Could not find Hotel Room at index 0
2024-02-16 19:22:04,750 - basicLogger - INFO - Retrieving Hotel Room at index 0
2024-02-16 19:22:04,917 - basicLogger - ERROR - No more messages found
2024-02-16 19:22:04,918 - basicLogger - ERROR - Could not find Hotel Room at index 0
2024-02-16 19:22:05,812 - basicLogger - INFO - Retrieving Hotel Room at index 0
2024-02-16 19:22:05,983 - basicLogger - ERROR - No more messages found
2024-02-16 19:22:05,984 - basicLogger - ERROR - Could not find Hotel Room at index 0
2024-02-16 19:22:06,770 - basicLogger - INFO - Retrieving Hotel Room at index 0
2024-02-16 19:22:06,940 - basicLogger - ERROR - No more messages found
2024-02-16 19:22:06,941 - basicLogger - ERROR - Could not find Hotel Room at index 0
2024-02-16 19:22:07,768 - basicLogger - INFO - Retrieving Hotel Room at index 0
2024-02-16 19:22:07,954 - basicLogger - ERROR - No more messages found
2024-02-16 19:22:07,956 - basicLogger - ERROR - Could not find Hotel Room at index 0
2024-02-16 19:22:08,861 - basicLogger - INFO - Retrieving Hotel Room at index 0
2024-02-16 19:22:09,031 - basicLogger - ERROR - No more messages found
2024-02-16 19:22:09,031 - basicLogger - ERROR - Could not find Hotel Room at index 0
2024-02-16 19:22:19,646 - basicLogger - INFO - Retrieving Hotel Room at index 0
2024-02-16 19:22:19,837 - basicLogger - ERROR - No more messages found
2024-02-16 19:22:19,838 - basicLogger - ERROR - Could not find Hotel Room at index 0
2024-02-16 19:22:20,912 - basicLogger - INFO - Retrieving Hotel Room at index 0
2024-02-16 19:22:21,084 - basicLogger - ERROR - No more messages found
2024-02-16 19:22:21,085 - basicLogger - ERROR - Could not find Hotel Room at index 0
2024-02-16 19:22:21,962 - basicLogger - INFO - Retrieving Hotel Room at index 0
2024-02-16 19:22:22,139 - basicLogger - ERROR - No more messages found
2024-02-16 19:22:22,140 - basicLogger - ERROR - Could not find Hotel Room at index 0
2024-02-16 19:22:23,061 - basicLogger - INFO - Retrieving Hotel Room at index 0
2024-02-16 19:22:23,234 - basicLogger - ERROR - No more messages found
2024-02-16 19:22:23,234 - basicLogger - ERROR - Could not find Hotel Room at index 0
2024-02-16 19:22:24,394 - basicLogger - INFO - Retrieving Hotel Room at index 0
2024-02-16 19:22:24,564 - basicLogger - ERROR - No more messages found
2024-02-16 19:22:24,566 - basicLogger - ERROR - Could not find Hotel Room at index 0
2024-02-16 19:22:25,495 - basicLogger - INFO - Retrieving Hotel Room at index 0
2024-02-16 19:22:25,672 - basicLogger - ERROR - No more messages found
2024-02-16 19:22:25,673 - basicLogger - ERROR - Could not find Hotel Room at index 0
2024-02-16 19:22:26,624 - basicLogger - INFO - Retrieving Hotel Room at index 0
2024-02-16 19:22:26,798 - basicLogger - ERROR - No more messages found
2024-02-16 19:22:26,799 - basicLogger - ERROR - Could not find Hotel Room at index 0
2024-02-16 19:22:27,843 - basicLogger - INFO - Retrieving Hotel Room at index 0
2024-02-16 19:22:28,048 - basicLogger - ERROR - No more messages found
2024-02-16 19:22:28,049 - basicLogger - ERROR - Could not find Hotel Room at index 0
2024-02-16 19:22:29,151 - basicLogger - INFO - Retrieving Hotel Room at index 0
2024-02-16 19:22:29,321 - basicLogger - ERROR - No more messages found
2024-02-16 19:22:29,322 - basicLogger - ERROR - Could not find Hotel Room at index 0
2024-02-16 19:23:08,260 - basicLogger - INFO - Retrieving Hotel Room at index 0
2024-02-16 19:23:08,427 - basicLogger - ERROR - No more messages found
2024-02-16 19:23:08,428 - basicLogger - ERROR - Could not find Hotel Room at index 0
2024-02-16 19:23:10,367 - basicLogger - INFO - Retrieving Hotel Room at index 0
2024-02-16 19:23:10,556 - basicLogger - ERROR - No more messages found
2024-02-16 19:23:10,557 - basicLogger - ERROR - Could not find Hotel Room at index 0
2024-02-16 19:23:11,865 - basicLogger - INFO - Retrieving Hotel Room at index 0
2024-02-16 19:23:12,040 - basicLogger - ERROR - No more messages found
2024-02-16 19:23:12,041 - basicLogger - ERROR - Could not find Hotel Room at index 0
2024-02-16 19:23:13,003 - basicLogger - INFO - Retrieving Hotel Room at index 0
2024-02-16 19:23:13,174 - basicLogger - ERROR - No more messages found
2024-02-16 19:23:13,175 - basicLogger - ERROR - Could not find Hotel Room at index 0
2024-02-16 19:23:14,189 - basicLogger - INFO - Retrieving Hotel Room at index 0
2024-02-16 19:23:14,361 - basicLogger - ERROR - No more messages found
2024-02-16 19:23:14,362 - basicLogger - ERROR - Could not find Hotel Room at index 0
2024-02-16 19:23:15,324 - basicLogger - INFO - Retrieving Hotel Room at index 0
2024-02-16 19:23:15,497 - basicLogger - ERROR - No more messages found
2024-02-16 19:23:15,498 - basicLogger - ERROR - Could not find Hotel Room at index 0
2024-02-16 19:23:16,556 - basicLogger - INFO - Retrieving Hotel Room at index 0
2024-02-16 19:23:16,727 - basicLogger - ERROR - No more messages found
2024-02-16 19:23:16,727 - basicLogger - ERROR - Could not find Hotel Room at index 0
2024-02-16 19:23:17,551 - basicLogger - INFO - Retrieving Hotel Room at index 0
2024-02-16 19:23:17,719 - basicLogger - ERROR - No more messages found
2024-02-16 19:23:17,720 - basicLogger - ERROR - Could not find Hotel Room at index 0
2024-02-16 19:23:18,531 - basicLogger - INFO - Retrieving Hotel Room at index 0
2024-02-16 19:23:18,701 - basicLogger - ERROR - No more messages found
2024-02-16 19:23:18,701 - basicLogger - ERROR - Could not find Hotel Room at index 0
2024-02-16 19:23:19,531 - basicLogger - INFO - Retrieving Hotel Room at index 0
2024-02-16 19:23:19,699 - basicLogger - ERROR - No more messages found
2024-02-16 19:23:19,700 - basicLogger - ERROR - Could not find Hotel Room at index 0
2024-02-16 19:23:26,425 - basicLogger - INFO - Retrieving Hotel Room at index 0
2024-02-16 19:23:26,617 - basicLogger - ERROR - No more messages found
2024-02-16 19:23:26,618 - basicLogger - ERROR - Could not find Hotel Room at index 0
2024-02-16 19:23:29,007 - basicLogger - INFO - Retrieving Hotel Room at index 0
2024-02-16 19:23:29,178 - basicLogger - ERROR - No more messages found
2024-02-16 19:23:29,179 - basicLogger - ERROR - Could not find Hotel Room at index 0
2024-02-16 19:23:30,585 - basicLogger - INFO - Retrieving Hotel Room at index 0
2024-02-16 19:23:30,760 - basicLogger - ERROR - No more messages found
2024-02-16 19:23:30,761 - basicLogger - ERROR - Could not find Hotel Room at index 0
2024-02-16 19:23:31,607 - basicLogger - INFO - Retrieving Hotel Room at index 0
2024-02-16 19:23:31,781 - basicLogger - ERROR - No more messages found
2024-02-16 19:23:31,782 - basicLogger - ERROR - Could not find Hotel Room at index 0
2024-02-16 19:23:32,622 - basicLogger - INFO - Retrieving Hotel Room at index 0
2024-02-16 19:23:32,790 - basicLogger - ERROR - No more messages found
2024-02-16 19:23:32,791 - basicLogger - ERROR - Could not find Hotel Room at index 0
2024-02-16 19:23:33,537 - basicLogger - INFO - Retrieving Hotel Room at index 0
2024-02-16 19:23:33,708 - basicLogger - ERROR - No more messages found
2024-02-16 19:23:33,708 - basicLogger - ERROR - Could not find Hotel Room at index 0
2024-02-16 19:23:34,416 - basicLogger - INFO - Retrieving Hotel Room at index 0
2024-02-16 19:23:34,591 - basicLogger - ERROR - No more messages found
2024-02-16 19:23:34,592 - basicLogger - ERROR - Could not find Hotel Room at index 0
2024-02-16 19:23:35,294 - basicLogger - INFO - Retrieving Hotel Room at index 0
2024-02-16 19:23:35,465 - basicLogger - ERROR - No more messages found
2024-02-16 19:23:35,465 - basicLogger - ERROR - Could not find Hotel Room at index 0
2024-02-16 19:23:36,192 - basicLogger - INFO - Retrieving Hotel Room at index 0
2024-02-16 19:23:36,374 - basicLogger - ERROR - No more messages found
2024-02-16 19:23:36,379 - basicLogger - ERROR - Could not find Hotel Room at index 0
2024-02-16 19:23:36,976 - basicLogger - INFO - Retrieving Hotel Room at index 0
2024-02-16 19:23:37,156 - basicLogger - ERROR - No more messages found
2024-02-16 19:23:37,156 - basicLogger - ERROR - Could not find Hotel Room at index 0
2024-02-16 19:23:37,792 - basicLogger - INFO - Retrieving Hotel Room at index 0
2024-02-16 19:23:37,967 - basicLogger - ERROR - No more messages found
2024-02-16 19:23:37,968 - basicLogger - ERROR - Could not find Hotel Room at index 0
2024-02-16 19:23:38,620 - basicLogger - INFO - Retrieving Hotel Room at index 0
2024-02-16 19:23:38,792 - basicLogger - ERROR - No more messages found
2024-02-16 19:23:38,793 - basicLogger - ERROR - Could not find Hotel Room at index 0
2024-02-16 19:23:39,445 - basicLogger - INFO - Retrieving Hotel Room at index 0
2024-02-16 19:23:39,618 - basicLogger - ERROR - No more messages found
2024-02-16 19:23:39,619 - basicLogger - ERROR - Could not find Hotel Room at index 0
2024-02-16 19:27:32,203 - basicLogger - INFO - Retrieving Hotel Room at index 0
2024-02-16 19:27:32,378 - basicLogger - ERROR - No more messages found
2024-02-16 19:27:32,380 - basicLogger - ERROR - Could not find Hotel Room at index 0
2024-02-16 19:27:34,827 - basicLogger - INFO - Retrieving Hotel Room at index 0
2024-02-16 19:27:35,004 - basicLogger - ERROR - No more messages found
2024-02-16 19:27:35,007 - basicLogger - ERROR - Could not find Hotel Room at index 0
2024-02-16 19:27:35,904 - basicLogger - INFO - Retrieving Hotel Room at index 0
2024-02-16 19:27:36,082 - basicLogger - ERROR - No more messages found
2024-02-16 19:27:36,084 - basicLogger - ERROR - Could not find Hotel Room at index 0
2024-02-16 19:27:36,851 - basicLogger - INFO - Retrieving Hotel Room at index 0
2024-02-16 19:27:37,027 - basicLogger - ERROR - No more messages found
2024-02-16 19:27:37,029 - basicLogger - ERROR - Could not find Hotel Room at index 0
2024-02-16 19:27:37,764 - basicLogger - INFO - Retrieving Hotel Room at index 0
2024-02-16 19:27:37,952 - basicLogger - ERROR - No more messages found
2024-02-16 19:27:37,953 - basicLogger - ERROR - Could not find Hotel Room at index 0
2024-02-16 19:27:39,788 - basicLogger - INFO - Retrieving Hotel Room at index 0
2024-02-16 19:27:39,959 - basicLogger - ERROR - No more messages found
2024-02-16 19:27:39,960 - basicLogger - ERROR - Could not find Hotel Room at index 0
2024-02-16 19:27:40,794 - basicLogger - INFO - Retrieving Hotel Room at index 0
2024-02-16 19:27:40,967 - basicLogger - ERROR - No more messages found
2024-02-16 19:27:40,968 - basicLogger - ERROR - Could not find Hotel Room at index 0
2024-02-16 19:27:41,816 - basicLogger - INFO - Retrieving Hotel Room at index 0
2024-02-16 19:27:41,997 - basicLogger - ERROR - No more messages found
2024-02-16 19:27:41,998 - basicLogger - ERROR - Could not find Hotel Room at index 0
2024-02-16 19:27:42,827 - basicLogger - INFO - Retrieving Hotel Room at index 0
2024-02-16 19:27:43,000 - basicLogger - ERROR - No more messages found
2024-02-16 19:27:43,001 - basicLogger - ERROR - Could not find Hotel Room at index 0
2024-02-16 19:27:43,750 - basicLogger - INFO - Retrieving Hotel Room at index 0
2024-02-16 19:27:43,922 - basicLogger - ERROR - No more messages found
2024-02-16 19:27:43,924 - basicLogger - ERROR - Could not find Hotel Room at index 0
2024-02-16 19:27:44,810 - basicLogger - INFO - Retrieving Hotel Room at index 0
2024-02-16 19:27:44,986 - basicLogger - ERROR - No more messages found
2024-02-16 19:27:44,987 - basicLogger - ERROR - Could not find Hotel Room at index 0
2024-02-16 19:27:45,767 - basicLogger - INFO - Retrieving Hotel Room at index 0
2024-02-16 19:27:45,945 - basicLogger - ERROR - No more messages found
2024-02-16 19:27:45,946 - basicLogger - ERROR - Could not find Hotel Room at index 0
2024-02-16 19:27:51,126 - basicLogger - INFO - Retrieving Hotel Room at index 100
2024-02-16 19:27:51,300 - basicLogger - ERROR - No more messages found
2024-02-16 19:27:51,302 - basicLogger - ERROR - Could not find Hotel Room at index 100
2024-02-16 19:28:07,782 - basicLogger - INFO - Retrieving Hotel Activity at index 0
2024-02-16 19:28:08,972 - basicLogger - INFO - Hotel Activity in 0: {'type': 'hotel_activity', 'datetime': '2024-02-16T19:13:06', 'payload': {'hotel_id': 'CA-02', 'customer_id': 'd290f1ee-6c54-4b01-90e6-d701748f0851', 'activity_id': 'C1', 'activity_name': 'Rock Climbing', 'num_of_people': 3, 'reservation_date': '2023-08-09', 'timestamp': '2023-08-08T09:12:33.001Z', 'trace_id': 'af7ee966-9966-4ed7-bad2-fdafe0d8b432'}}
2024-02-16 19:28:18,359 - basicLogger - INFO - Retrieving Hotel Activity at index 100
2024-02-16 19:28:19,547 - basicLogger - INFO - Hotel Activity in 100: {'type': 'hotel_activity', 'datetime': '2024-02-16T19:16:55', 'payload': {'hotel_id': 'IB-13', 'customer_id': 'e0a9285e-b9a3-4ba1-a46d-b55f08deaa99', 'activity_id': 'A2', 'activity_name': 'Biking', 'num_of_people': 1, 'reservation_date': '2024-05-24', 'timestamp': '2024-02-16T19:16:55.324Z', 'trace_id': '5c5b87bd-583e-4e0b-8d55-1b6e60ab0397'}}
2024-02-16 19:28:24,684 - basicLogger - INFO - Retrieving Hotel Activity at index 0
2024-02-16 19:28:25,863 - basicLogger - INFO - Hotel Activity in 0: {'type': 'hotel_activity', 'datetime': '2024-02-16T19:13:06', 'payload': {'hotel_id': 'CA-02', 'customer_id': 'd290f1ee-6c54-4b01-90e6-d701748f0851', 'activity_id': 'C1', 'activity_name': 'Rock Climbing', 'num_of_people': 3, 'reservation_date': '2023-08-09', 'timestamp': '2023-08-08T09:12:33.001Z', 'trace_id': 'af7ee966-9966-4ed7-bad2-fdafe0d8b432'}}
2024-02-16 19:28:30,469 - basicLogger - INFO - Retrieving Hotel Room at index 100
2024-02-16 19:28:30,648 - basicLogger - ERROR - No more messages found
2024-02-16 19:28:30,652 - basicLogger - ERROR - Could not find Hotel Room at index 100
2024-02-16 19:28:32,753 - basicLogger - INFO - Retrieving Hotel Room at index 100
2024-02-16 19:28:32,923 - basicLogger - ERROR - No more messages found
2024-02-16 19:28:32,924 - basicLogger - ERROR - Could not find Hotel Room at index 100
2024-02-16 19:28:38,570 - basicLogger - INFO - Retrieving Hotel Room at index 0
2024-02-16 19:28:38,739 - basicLogger - ERROR - No more messages found
2024-02-16 19:28:38,740 - basicLogger - ERROR - Could not find Hotel Room at index 0
2024-02-16 19:28:41,324 - basicLogger - INFO - Retrieving Hotel Room at index 0
2024-02-16 19:28:41,505 - basicLogger - ERROR - No more messages found
2024-02-16 19:28:41,506 - basicLogger - ERROR - Could not find Hotel Room at index 0
2024-02-16 19:28:44,235 - basicLogger - INFO - Retrieving Hotel Room at index 0
2024-02-16 19:28:44,407 - basicLogger - ERROR - No more messages found
2024-02-16 19:28:44,408 - basicLogger - ERROR - Could not find Hotel Room at index 0
2024-02-16 19:32:10,431 - basicLogger - INFO - Retrieving Hotel Activity at index 25
2024-02-16 19:32:11,644 - basicLogger - INFO - Hotel Activity in 25: {'type': 'hotel_activity', 'datetime': '2024-02-16T19:15:40', 'payload': {'hotel_id': 'RW-51', 'customer_id': '676b1aae-743e-4d40-ad95-8e28383afe98', 'activity_id': 'A7', 'activity_name': 'Water Skiing', 'num_of_people': 3, 'reservation_date': '2024-04-25', 'timestamp': '2024-02-16T19:15:40.247Z', 'trace_id': '6a5e1eb8-a989-419d-916b-d4f28df56b58'}}
2024-02-16 19:32:24,121 - basicLogger - INFO - Retrieving Hotel Room at index 25
2024-02-16 19:32:25,329 - basicLogger - INFO - Hotel Room in 25: {'type': 'hotel_room', 'datetime': '2024-02-16T19:15:35', 'payload': {'hotel_id': 'AQ-76', 'customer_id': '622dfe73-ae0e-482f-84c8-b7145ec59b3c', 'room_id': 'Z890', 'room_type': 'Quad (2 Queen-Sized Beds)', 'num_of_people': 4, 'check_in_date': '2024-08-26', 'check_out_date': '2024-02-17', 'timestamp': '2024-02-16T19:15:34.779Z', 'trace_id': 'd7ac14d8-c40f-4947-bf61-a4e49d3788c4'}}
2024-02-16 19:32:31,834 - basicLogger - INFO - Retrieving Hotel Room at index 28
2024-02-16 19:32:33,035 - basicLogger - INFO - Hotel Room in 28: {'type': 'hotel_room', 'datetime': '2024-02-16T19:15:35', 'payload': {'hotel_id': 'QI-66', 'customer_id': '558ea01b-823a-4662-91aa-f6030cd06c8f', 'room_id': 'K706', 'room_type': 'Single Bed', 'num_of_people': 1, 'check_in_date': '2024-02-01', 'check_out_date': '2024-02-27', 'timestamp': '2024-02-16T19:15:34.724Z', 'trace_id': '31a2a5f8-ff0c-4183-9102-794256bb9d1d'}}
2024-02-16 19:32:37,955 - basicLogger - INFO - Retrieving Hotel Room at index 30
2024-02-16 19:32:39,145 - basicLogger - INFO - Hotel Room in 30: {'type': 'hotel_room', 'datetime': '2024-02-16T19:15:35', 'payload': {'hotel_id': 'OY-76', 'customer_id': 'cb1d39ab-eae4-4fed-8ea5-8ab69fa61ffa', 'room_id': 'H402', 'room_type': 'Triple (Queen-Sized Bed, Twin-Sized Bed)', 'num_of_people': 3, 'check_in_date': '2024-02-12', 'check_out_date': '2024-03-15', 'timestamp': '2024-02-16T19:15:34.940Z', 'trace_id': '796c955a-2f1d-436c-863c-7b1901e1e4ea'}}
2024-02-16 19:32:43,583 - basicLogger - INFO - Retrieving Hotel Room at index 100
2024-02-16 19:32:44,788 - basicLogger - INFO - Hotel Room in 100: {'type': 'hotel_room', 'datetime': '2024-02-16T19:16:50', 'payload': {'hotel_id': 'DG-22', 'customer_id': 'c1c53963-609a-43a7-9871-d62183ff04dd', 'room_id': 'I224', 'room_type': 'Double (King-Sized Bed)', 'num_of_people': 2, 'check_in_date': '2024-11-18', 'check_out_date': '2024-03-13', 'timestamp': '2024-02-16T19:16:49.966Z', 'trace_id': '4bb66194-3f6f-4742-8525-8bb631ef6de5'}}
2024-02-16 19:33:02,945 - basicLogger - INFO - Retrieving Hotel Room at index 1000
2024-02-16 19:33:04,183 - basicLogger - ERROR - No more messages found
2024-02-16 19:33:04,184 - basicLogger - ERROR - Could not find Hotel Room at index 1000
2024-02-16 19:33:12,810 - basicLogger - INFO - Retrieving Hotel Activity at index 1000
2024-02-16 19:33:14,004 - basicLogger - ERROR - No more messages found
2024-02-16 19:33:14,006 - basicLogger - ERROR - Could not find Hotel Activity at index 1000
2024-02-16 19:34:05,568 - basicLogger - INFO - Retrieving Hotel Room at index 50
2024-02-16 19:34:06,779 - basicLogger - INFO - Hotel Room in 50: {'type': 'hotel_room', 'datetime': '2024-02-16T19:15:56', 'payload': {'hotel_id': 'OT-96', 'customer_id': 'ce96bc01-c816-4897-a976-f63c3ef97e6f', 'room_id': 'H318', 'room_type': 'Quad (2 Queen-Sized Beds)', 'num_of_people': 4, 'check_in_date': '2024-12-05', 'check_out_date': '2024-03-08', 'timestamp': '2024-02-16T19:15:56.358Z', 'trace_id': '880afe93-4b9b-4894-b1b6-b8ade13d701d'}}
2024-02-16 19:34:13,192 - basicLogger - INFO - Retrieving Hotel Activity at index 50
2024-02-16 19:34:14,390 - basicLogger - INFO - Hotel Activity in 50: {'type': 'hotel_activity', 'datetime': '2024-02-16T19:16:01', 'payload': {'hotel_id': 'DF-88', 'customer_id': '0f037a6a-04e9-4604-a7a7-3ca5fd7444fd', 'activity_id': 'A7', 'activity_name': 'Water Skiing', 'num_of_people': 2, 'reservation_date': '2024-07-07', 'timestamp': '2024-02-16T19:16:01.721Z', 'trace_id': '7f530669-9ed5-4719-b5a2-84c7ad467871'}}
2024-02-16 19:34:21,432 - basicLogger - INFO - Retrieving Hotel Activity at index 80
2024-02-16 19:34:22,635 - basicLogger - INFO - Hotel Activity in 80: {'type': 'hotel_activity', 'datetime': '2024-02-16T19:16:34', 'payload': {'hotel_id': 'HR-38', 'customer_id': '979990a3-dbb7-49d6-b187-f2f56c43f88b', 'activity_id': 'A6', 'activity_name': 'Swimming', 'num_of_people': 1, 'reservation_date': '2024-05-08', 'timestamp': '2024-02-16T19:16:33.830Z', 'trace_id': '2265dd14-5d6f-4858-9f5c-4fa5c8f9e81a'}}
2024-02-16 19:35:30,843 - basicLogger - INFO - Retrieving Hotel Room at index 0
2024-02-16 19:35:31,850 - basicLogger - ERROR - No more messages found
2024-02-16 19:35:31,851 - basicLogger - ERROR - Could not find Hotel Room at index 0
2024-02-16 19:35:37,813 - basicLogger - INFO - Retrieving Hotel Activity at index 0
2024-02-16 19:35:38,822 - basicLogger - ERROR - No more messages found
2024-02-16 19:35:38,823 - basicLogger - ERROR - Could not find Hotel Activity at index 0
2024-02-16 19:42:22,501 - basicLogger - INFO - Retrieving Hotel Room at index 0
2024-02-16 19:42:23,596 - basicLogger - INFO - Hotel Room in 0: {'type': 'hotel_room', 'datetime': '2024-02-16T19:40:46', 'payload': {'hotel_id': 'KT-23', 'customer_id': '8080036f-87e2-477c-921c-9f75b88ee5ab', 'room_id': 'V963', 'room_type': 'Double (King-Sized Bed)', 'num_of_people': 2, 'check_in_date': '2024-05-19', 'check_out_date': '2024-03-06', 'timestamp': '2024-02-16T19:40:46.428Z', 'trace_id': 'd2a41162-850f-4dc5-b267-1ceaa4209d81'}}
2024-02-16 19:42:28,134 - basicLogger - INFO - Retrieving Hotel Room at index 10
2024-02-16 19:42:29,239 - basicLogger - INFO - Hotel Room in 10: {'type': 'hotel_room', 'datetime': '2024-02-16T19:41:08', 'payload': {'hotel_id': 'IJ-13', 'customer_id': '5b6413f0-859e-48e9-bc51-4f2a7cc1117a', 'room_id': 'O107', 'room_type': 'Triple (Queen-Sized Bed, Twin-Sized Bed)', 'num_of_people': 3, 'check_in_date': '2024-05-07', 'check_out_date': '2024-02-17', 'timestamp': '2024-02-16T19:41:07.856Z', 'trace_id': 'c46fdc5b-fdda-4279-9000-ab1b00cb5e39'}}
2024-02-16 19:42:34,033 - basicLogger - INFO - Retrieving Hotel Room at index 26
2024-02-16 19:42:35,133 - basicLogger - ERROR - No more messages found
2024-02-16 19:42:35,134 - basicLogger - ERROR - Could not find Hotel Room at index 26
2024-02-16 19:42:41,257 - basicLogger - INFO - Retrieving Hotel Activity at index 0
2024-02-16 19:42:42,358 - basicLogger - INFO - Hotel Activity in 0: {'type': 'hotel_activity', 'datetime': '2024-02-16T19:40:52', 'payload': {'hotel_id': 'RA-42', 'customer_id': 'c9f4cff5-1211-4d8d-9ace-d8fe7e36eff7', 'activity_id': 'A3', 'activity_name': 'Yoga', 'num_of_people': 1, 'reservation_date': '2024-11-19', 'timestamp': '2024-02-16T19:40:51.864Z', 'trace_id': '01fb506d-a016-478d-bf01-92ea1bfb4fb8'}}
2024-02-16 19:42:46,683 - basicLogger - INFO - Retrieving Hotel Activity at index 26
2024-02-16 19:42:47,785 - basicLogger - ERROR - No more messages found
2024-02-16 19:42:47,786 - basicLogger - ERROR - Could not find Hotel Activity at index 26
2024-02-16 19:42:53,016 - basicLogger - INFO - Retrieving Hotel Activity at index 15
2024-02-16 19:42:54,110 - basicLogger - INFO - Hotel Activity in 15: {'type': 'hotel_activity', 'datetime': '2024-02-16T19:41:24', 'payload': {'hotel_id': 'OK-102', 'customer_id': 'ada7e3ad-7cde-45b7-87d8-8b4c6dafecd1', 'activity_id': 'A1', 'activity_name': 'Rock Climbing', 'num_of_people': 4, 'reservation_date': '2024-05-21', 'timestamp': '2024-02-16T19:41:23.790Z', 'trace_id': '584ed378-a786-4838-9af0-9b9196a60277'}}
2024-02-16 19:45:38,483 - basicLogger - INFO - Retrieving Hotel Activity at index 15
2024-02-16 19:45:39,566 - basicLogger - INFO - Hotel Activity in 15: {'type': 'hotel_activity', 'datetime': '2024-02-16T19:41:24', 'payload': {'hotel_id': 'OK-102', 'customer_id': 'ada7e3ad-7cde-45b7-87d8-8b4c6dafecd1', 'activity_id': 'A1', 'activity_name': 'Rock Climbing', 'num_of_people': 4, 'reservation_date': '2024-05-21', 'timestamp': '2024-02-16T19:41:23.790Z', 'trace_id': '584ed378-a786-4838-9af0-9b9196a60277'}}
2024-02-21 15:16:24,127 - basicLogger - INFO - Retrieving Hotel Room at index 0
2024-02-21 15:16:25,250 - basicLogger - INFO - Hotel Room in 0: {'type': 'hotel_room', 'datetime': '2024-02-16T19:40:46', 'payload': {'hotel_id': 'KT-23', 'customer_id': '8080036f-87e2-477c-921c-9f75b88ee5ab', 'room_id': 'V963', 'room_type': 'Double (King-Sized Bed)', 'num_of_people': 2, 'check_in_date': '2024-05-19', 'check_out_date': '2024-03-06', 'timestamp': '2024-02-16T19:40:46.428Z', 'trace_id': 'd2a41162-850f-4dc5-b267-1ceaa4209d81'}}
2024-02-21 15:16:32,529 - basicLogger - INFO - Retrieving Hotel Room at index 20
2024-02-21 15:16:33,656 - basicLogger - INFO - Hotel Room in 20: {'type': 'hotel_room', 'datetime': '2024-02-16T19:41:29', 'payload': {'hotel_id': 'EO-910', 'customer_id': '4c113d8f-8b73-445d-b6c5-2f603348e683', 'room_id': 'T370', 'room_type': 'Quad (2 Queen-Sized Beds)', 'num_of_people': 4, 'check_in_date': '2024-01-31', 'check_out_date': '2024-03-14', 'timestamp': '2024-02-16T19:41:29.107Z', 'trace_id': 'ec3465ec-e6ca-4ae8-8770-aaf626c5cd74'}}
2024-02-21 15:16:56,807 - basicLogger - INFO - Retrieving Hotel Activity at index 15
2024-02-21 15:16:57,935 - basicLogger - INFO - Hotel Activity in 15: {'type': 'hotel_activity', 'datetime': '2024-02-16T19:41:24', 'payload': {'hotel_id': 'OK-102', 'customer_id': 'ada7e3ad-7cde-45b7-87d8-8b4c6dafecd1', 'activity_id': 'A1', 'activity_name': 'Rock Climbing', 'num_of_people': 4, 'reservation_date': '2024-05-21', 'timestamp': '2024-02-16T19:41:23.790Z', 'trace_id': '584ed378-a786-4838-9af0-9b9196a60277'}}
2024-02-21 15:17:09,667 - basicLogger - INFO - Retrieving Hotel Activity at index 13
2024-02-21 15:17:10,792 - basicLogger - INFO - Hotel Activity in 13: {'type': 'hotel_activity', 'datetime': '2024-02-16T19:41:13', 'payload': {'hotel_id': 'ML-710', 'customer_id': '3524a5d2-47a3-414a-a80e-42b09d1e29fc', 'activity_id': 'A9', 'activity_name': 'Snorkeling', 'num_of_people': 1, 'reservation_date': '2024-09-01', 'timestamp': '2024-02-16T19:41:13.434Z', 'trace_id': '09d9f929-9609-4643-b272-f2b124d7b108'}}
2024-02-21 15:18:24,429 - basicLogger - INFO - Retrieving Hotel Activity at index 11
2024-02-21 15:18:25,565 - basicLogger - INFO - Hotel Activity in 11: {'type': 'hotel_activity', 'datetime': '2024-02-16T19:41:13', 'payload': {'hotel_id': 'HF-29', 'customer_id': '32793d89-f5a5-410d-bcee-3158cab45d51', 'activity_id': 'A4', 'activity_name': 'Zumba', 'num_of_people': 5, 'reservation_date': '2024-03-23', 'timestamp': '2024-02-16T19:41:13.165Z', 'trace_id': 'be78e726-c669-4de7-a912-362155841730'}}
2024-02-22 12:38:51,888 - basicLogger - INFO - Retrieving Hotel Room at index 5
2024-02-22 12:38:53,043 - basicLogger - INFO - Hotel Room in 5: {'type': 'hotel_room', 'datetime': '2024-02-16T19:40:57', 'payload': {'hotel_id': 'AX-51', 'customer_id': '066db158-bb99-4be8-988f-066e91a7d654', 'room_id': 'P903', 'room_type': 'Single Bed', 'num_of_people': 1, 'check_in_date': '2024-05-14', 'check_out_date': '2024-02-25', 'timestamp': '2024-02-16T19:40:57.212Z', 'trace_id': 'e3afa6e6-7c03-40d3-b34f-7ded3063ab55'}}
2024-02-22 12:38:59,388 - basicLogger - INFO - Retrieving Hotel Room at index 100
2024-02-22 12:39:00,540 - basicLogger - ERROR - No more messages found
2024-02-22 12:39:00,540 - basicLogger - ERROR - Could not find Hotel Room at index 100
2024-02-22 12:39:10,880 - basicLogger - INFO - Retrieving Hotel Room at index 50
2024-02-22 12:39:12,029 - basicLogger - INFO - Hotel Room in 50: {'type': 'hotel_room', 'datetime': '2024-02-22T12:37:00', 'payload': {'hotel_id': 'KN-66', 'customer_id': 'd34a48f1-2d79-43f4-be6f-56f5bd9c75f2', 'room_id': 'U237', 'room_type': 'Single Bed', 'num_of_people': 1, 'check_in_date': '2024-04-01', 'check_out_date': '2024-03-17', 'timestamp': '2024-02-22T12:36:59.726Z', 'trace_id': 'b2ee497e-1164-4bbb-b491-6f4a187ef3f5'}}
2024-02-22 12:39:21,106 - basicLogger - INFO - Retrieving Hotel Room at index 60
2024-02-22 12:39:22,259 - basicLogger - INFO - Hotel Room in 60: {'type': 'hotel_room', 'datetime': '2024-02-22T12:37:10', 'payload': {'hotel_id': 'NE-49', 'customer_id': 'ad8d6be3-1295-472e-a7cc-15e554ff9b1f', 'room_id': 'U210', 'room_type': 'Single Bed', 'num_of_people': 1, 'check_in_date': '2024-07-01', 'check_out_date': '2024-02-28', 'timestamp': '2024-02-22T12:37:10.574Z', 'trace_id': '0b521e0e-a06e-49c8-a5ff-a1dde6884604'}}
2024-02-22 12:40:09,201 - basicLogger - INFO - Retrieving Hotel Activity at index 60
2024-02-22 12:40:10,349 - basicLogger - INFO - Hotel Activity in 60: {'type': 'hotel_activity', 'datetime': '2024-02-22T12:37:16', 'payload': {'hotel_id': 'VA-73', 'customer_id': '11f57d45-2fa2-4612-9ff3-82995ab83873', 'activity_id': 'A5', 'activity_name': 'Hot Spring', 'num_of_people': 2, 'reservation_date': '2024-08-17', 'timestamp': '2024-02-22T12:37:15.947Z', 'trace_id': 'd877ac42-b005-4fa6-936e-71a9d9f29642'}}
2024-02-22 12:40:16,039 - basicLogger - INFO - Retrieving Hotel Room at index 70
2024-02-22 12:40:17,184 - basicLogger - INFO - Hotel Room in 70: {'type': 'hotel_room', 'datetime': '2024-02-22T12:37:21', 'payload': {'hotel_id': 'OE-13', 'customer_id': 'bc42764b-7634-4bb9-bc3c-199c7f1bb603', 'room_id': 'N827', 'room_type': 'Single Bed', 'num_of_people': 1, 'check_in_date': '2024-11-05', 'check_out_date': '2024-03-18', 'timestamp': '2024-02-22T12:37:21.319Z', 'trace_id': '13eb8ee3-d872-410a-bc68-c0b89097cfa7'}}
2024-02-22 12:40:24,697 - basicLogger - INFO - Retrieving Hotel Room at index 80
2024-02-22 12:40:25,843 - basicLogger - INFO - Hotel Room in 80: {'type': 'hotel_room', 'datetime': '2024-02-22T12:37:32', 'payload': {'hotel_id': 'LQ-53', 'customer_id': '8f723930-cb3a-47df-9c3f-4104516eb6a2', 'room_id': 'S369', 'room_type': 'Triple (Queen-Sized Bed, Twin-Sized Bed)', 'num_of_people': 3, 'check_in_date': '2024-10-04', 'check_out_date': '2024-02-28', 'timestamp': '2024-02-22T12:37:32.012Z', 'trace_id': '7099cad8-032a-4559-ac51-6bd8595e1181'}}
2024-02-22 12:40:36,035 - basicLogger - INFO - Retrieving Hotel Room at index 85
2024-02-22 12:40:37,193 - basicLogger - INFO - Hotel Room in 85: {'type': 'hotel_room', 'datetime': '2024-02-22T12:37:32', 'payload': {'hotel_id': 'HC-58', 'customer_id': '16896fd0-00c4-4eaa-a5cd-8588c43c37fb', 'room_id': 'R189', 'room_type': 'Triple (Queen-Sized Bed, Twin-Sized Bed)', 'num_of_people': 3, 'check_in_date': '2024-03-07', 'check_out_date': '2024-03-12', 'timestamp': '2024-02-22T12:37:32.029Z', 'trace_id': '3c862828-4d00-4e7b-9b03-ea78911baba3'}}
2024-02-22 12:40:42,458 - basicLogger - INFO - Retrieving Hotel Room at index 100
2024-02-22 12:40:43,610 - basicLogger - ERROR - No more messages found
2024-02-22 12:40:43,612 - basicLogger - ERROR - Could not find Hotel Room at index 100
2024-02-22 12:40:53,776 - basicLogger - INFO - Retrieving Hotel Room at index 80
2024-02-22 12:40:54,918 - basicLogger - INFO - Hotel Room in 80: {'type': 'hotel_room', 'datetime': '2024-02-22T12:37:32', 'payload': {'hotel_id': 'LQ-53', 'customer_id': '8f723930-cb3a-47df-9c3f-4104516eb6a2', 'room_id': 'S369', 'room_type': 'Triple (Queen-Sized Bed, Twin-Sized Bed)', 'num_of_people': 3, 'check_in_date': '2024-10-04', 'check_out_date': '2024-02-28', 'timestamp': '2024-02-22T12:37:32.012Z', 'trace_id': '7099cad8-032a-4559-ac51-6bd8595e1181'}}
2024-02-22 12:41:00,900 - basicLogger - INFO - Retrieving Hotel Room at index 90
2024-02-22 12:41:02,049 - basicLogger - INFO - Hotel Room in 90: {'type': 'hotel_room', 'datetime': '2024-02-22T12:37:43', 'payload': {'hotel_id': 'YO-82', 'customer_id': '82256f48-e098-49e3-a825-9bb628b1474e', 'room_id': 'Z618', 'room_type': 'Single Bed', 'num_of_people': 1, 'check_in_date': '2024-05-04', 'check_out_date': '2024-03-08', 'timestamp': '2024-02-22T12:37:42.832Z', 'trace_id': '0e0e5234-3582-4b74-b4f3-851689f56179'}}
2024-02-22 12:41:07,659 - basicLogger - INFO - Retrieving Hotel Room at index 95
2024-02-22 12:41:08,809 - basicLogger - INFO - Hotel Room in 95: {'type': 'hotel_room', 'datetime': '2024-02-22T12:37:43', 'payload': {'hotel_id': 'YH-27', 'customer_id': 'e9b5ee88-f089-454f-93ec-d747079eb530', 'room_id': 'J782', 'room_type': 'Double (King-Sized Bed)', 'num_of_people': 2, 'check_in_date': '2024-08-28', 'check_out_date': '2024-03-18', 'timestamp': '2024-02-22T12:37:42.852Z', 'trace_id': '3566fc33-b000-42d0-9109-cabfab256d9f'}}
2024-02-22 12:41:16,254 - basicLogger - INFO - Retrieving Hotel Room at index 98
2024-02-22 12:41:17,401 - basicLogger - INFO - Hotel Room in 98: {'type': 'hotel_room', 'datetime': '2024-02-22T12:37:43', 'payload': {'hotel_id': 'DM-71', 'customer_id': '1efb7d7a-3449-4fd1-a1ac-7638caf70db0', 'room_id': 'S518', 'room_type': 'Quad (2 Queen-Sized Beds)', 'num_of_people': 4, 'check_in_date': '2024-08-14', 'check_out_date': '2024-03-14', 'timestamp': '2024-02-22T12:37:42.861Z', 'trace_id': '9dbb0324-c707-4b4a-abfa-c727e89b07f0'}}
2024-02-22 12:41:22,279 - basicLogger - INFO - Retrieving Hotel Room at index 99
2024-02-22 12:41:23,426 - basicLogger - INFO - Hotel Room in 99: {'type': 'hotel_room', 'datetime': '2024-02-22T12:37:43', 'payload': {'hotel_id': 'PU-37', 'customer_id': '5fa64837-2c2f-4d37-958d-504e5e782dd0', 'room_id': 'U166', 'room_type': 'Single Bed', 'num_of_people': 1, 'check_in_date': '2024-01-09', 'check_out_date': '2024-03-17', 'timestamp': '2024-02-22T12:37:42.988Z', 'trace_id': '87462541-9df1-4694-b612-291f9a7a36bd'}}
2024-02-22 12:41:27,445 - basicLogger - INFO - Retrieving Hotel Room at index 100
2024-02-22 12:41:28,589 - basicLogger - ERROR - No more messages found
2024-02-22 12:41:28,589 - basicLogger - ERROR - Could not find Hotel Room at index 100
2024-02-22 12:41:31,756 - basicLogger - INFO - Retrieving Hotel Activity at index 60
2024-02-22 12:41:32,904 - basicLogger - INFO - Hotel Activity in 60: {'type': 'hotel_activity', 'datetime': '2024-02-22T12:37:16', 'payload': {'hotel_id': 'VA-73', 'customer_id': '11f57d45-2fa2-4612-9ff3-82995ab83873', 'activity_id': 'A5', 'activity_name': 'Hot Spring', 'num_of_people': 2, 'reservation_date': '2024-08-17', 'timestamp': '2024-02-22T12:37:15.947Z', 'trace_id': 'd877ac42-b005-4fa6-936e-71a9d9f29642'}}
2024-02-22 12:41:36,746 - basicLogger - INFO - Retrieving Hotel Activity at index 100
2024-02-22 12:41:37,909 - basicLogger - ERROR - No more messages found
2024-02-22 12:41:37,909 - basicLogger - ERROR - Could not find Hotel Activity at index 100
