2024-01-29 21:30:40,083 - basicLogger - INFO - Received event Hotel Room Booking request with a trace id of 46090dbd-02f4-454d-ba1b-b746a8704d79
2024-01-29 21:30:40,167 - basicLogger - INFO - Received event Hotel Room Booking request with a trace id of e905a21e-99db-48e9-a19c-9a02bb5d1451
2024-01-29 21:30:40,268 - basicLogger - INFO - Received event Hotel Room Booking request with a trace id of a78e43ea-8c85-497f-8615-34c4aa9c1cfa
2024-01-29 21:30:40,381 - basicLogger - INFO - Received event Hotel Room Booking request with a trace id of 666e05b4-4a35-49b3-a9d0-28793f4610e6
2024-01-29 21:30:40,476 - basicLogger - INFO - Received event Hotel Room Booking request with a trace id of d7cf610a-a1a8-4b74-a0ba-9f3e3e9ab5c2
2024-01-29 21:30:40,593 - basicLogger - INFO - Received event Hotel Room Booking request with a trace id of f44e672e-241e-412a-aaab-60d6b8c9b2d6
2024-01-29 21:30:40,673 - basicLogger - INFO - Received event Hotel Room Booking request with a trace id of 750a5456-5edd-4ebb-bad5-fc7898423972
2024-01-29 21:30:40,774 - basicLogger - INFO - Received event Hotel Room Booking request with a trace id of da18cdbf-aa78-4f24-b3d1-9a9a10bc8bbb
2024-01-29 21:30:40,873 - basicLogger - INFO - Received event Hotel Room Booking request with a trace id of f6a26911-3f79-47d5-8ab5-db8b0474f5ac
2024-01-29 21:30:40,974 - basicLogger - INFO - Received event Hotel Room Booking request with a trace id of d53b072d-9963-4e2f-bb24-ce3c1f735520
2024-01-29 21:30:42,165 - basicLogger - INFO - Returned event Hotel Room Booking response (Id: $46090dbd-02f4-454d-ba1b-b746a8704d79) with status $201
2024-01-29 21:30:42,187 - basicLogger - INFO - Received event Hotel Activity Booking request with a trace id of df5afd6b-c718-4471-9d4f-7ae8f716112e
2024-01-29 21:30:42,226 - basicLogger - INFO - Returned event Hotel Room Booking response (Id: $e905a21e-99db-48e9-a19c-9a02bb5d1451) with status $201
2024-01-29 21:30:42,238 - basicLogger - INFO - Received event Hotel Activity Booking request with a trace id of f24dd6bc-bcb5-40be-bd26-a0fe5d6f8f25
2024-01-29 21:30:42,307 - basicLogger - INFO - Returned event Hotel Room Booking response (Id: $a78e43ea-8c85-497f-8615-34c4aa9c1cfa) with status $201
2024-01-29 21:30:42,322 - basicLogger - INFO - Received event Hotel Activity Booking request with a trace id of 57725f9a-713b-4ce6-b167-f517daaf4df3
2024-01-29 21:30:42,428 - basicLogger - INFO - Returned event Hotel Room Booking response (Id: $666e05b4-4a35-49b3-a9d0-28793f4610e6) with status $201
2024-01-29 21:30:42,451 - basicLogger - INFO - Received event Hotel Activity Booking request with a trace id of 9714f27e-8e51-4bb8-b81d-a9a33dfac2cd
2024-01-29 21:30:42,539 - basicLogger - INFO - Returned event Hotel Room Booking response (Id: $d7cf610a-a1a8-4b74-a0ba-9f3e3e9ab5c2) with status $201
2024-01-29 21:30:42,541 - basicLogger - INFO - Received event Hotel Activity Booking request with a trace id of af52c86a-7d27-42b8-93f4-e14d2efe42e8
2024-01-29 21:30:42,639 - basicLogger - INFO - Returned event Hotel Room Booking response (Id: $f44e672e-241e-412a-aaab-60d6b8c9b2d6) with status $201
2024-01-29 21:30:42,639 - basicLogger - INFO - Received event Hotel Activity Booking request with a trace id of c9901a75-de5b-4bf7-a651-04d8b5e2fc5b
2024-01-29 21:30:42,723 - basicLogger - INFO - Returned event Hotel Room Booking response (Id: $750a5456-5edd-4ebb-bad5-fc7898423972) with status $201
2024-01-29 21:30:42,738 - basicLogger - INFO - Received event Hotel Activity Booking request with a trace id of f3d04814-0173-4a7c-94c9-fb7e2966fe0a
2024-01-29 21:30:42,824 - basicLogger - INFO - Returned event Hotel Room Booking response (Id: $da18cdbf-aa78-4f24-b3d1-9a9a10bc8bbb) with status $201
2024-01-29 21:30:42,839 - basicLogger - INFO - Received event Hotel Activity Booking request with a trace id of f585ebf2-201b-4162-aaab-97fa72f85c52
2024-01-29 21:30:42,925 - basicLogger - INFO - Returned event Hotel Room Booking response (Id: $f6a26911-3f79-47d5-8ab5-db8b0474f5ac) with status $201
2024-01-29 21:30:42,946 - basicLogger - INFO - Received event Hotel Activity Booking request with a trace id of bc05ebd0-9671-4076-99e6-309919b33c6a
2024-01-29 21:30:43,008 - basicLogger - INFO - Returned event Hotel Room Booking response (Id: $d53b072d-9963-4e2f-bb24-ce3c1f735520) with status $201
2024-01-29 21:30:43,029 - basicLogger - INFO - Received event Hotel Activity Booking request with a trace id of a328a66b-5927-42d7-ac4c-98f6bab96ce4
2024-01-29 21:30:44,227 - basicLogger - INFO - Returned event Hotel Activity Booking response (Id: df5afd6b-c718-4471-9d4f-7ae8f716112e) with status 201
2024-01-29 21:30:44,246 - basicLogger - INFO - Received event Hotel Room Booking request with a trace id of 00fb6040-26f9-4628-9a19-9d1ef987265e
2024-01-29 21:30:44,285 - basicLogger - INFO - Returned event Hotel Activity Booking response (Id: f24dd6bc-bcb5-40be-bd26-a0fe5d6f8f25) with status 201
2024-01-29 21:30:44,296 - basicLogger - INFO - Received event Hotel Room Booking request with a trace id of 53836f03-f236-4eff-a260-9cc64e2bbea8
2024-01-29 21:30:44,358 - basicLogger - INFO - Returned event Hotel Activity Booking response (Id: 57725f9a-713b-4ce6-b167-f517daaf4df3) with status 201
2024-01-29 21:30:44,377 - basicLogger - INFO - Received event Hotel Room Booking request with a trace id of e75268ff-7d96-465a-9f2b-885cb0656dce
2024-01-29 21:30:44,504 - basicLogger - INFO - Returned event Hotel Activity Booking response (Id: 9714f27e-8e51-4bb8-b81d-a9a33dfac2cd) with status 201
2024-01-29 21:30:44,504 - basicLogger - INFO - Received event Hotel Room Booking request with a trace id of 27edcaae-6258-494b-8d08-81c51d58d711
2024-01-29 21:30:44,606 - basicLogger - INFO - Returned event Hotel Activity Booking response (Id: af52c86a-7d27-42b8-93f4-e14d2efe42e8) with status 201
2024-01-29 21:30:44,606 - basicLogger - INFO - Received event Hotel Room Booking request with a trace id of 099d181f-0830-41b1-85c1-8cab0f486d7d
2024-01-29 21:30:44,706 - basicLogger - INFO - Returned event Hotel Activity Booking response (Id: c9901a75-de5b-4bf7-a651-04d8b5e2fc5b) with status 201
2024-01-29 21:30:44,706 - basicLogger - INFO - Received event Hotel Room Booking request with a trace id of 1ff888ff-1c52-445c-88b3-ae321174a972
2024-01-29 21:30:44,792 - basicLogger - INFO - Returned event Hotel Activity Booking response (Id: f3d04814-0173-4a7c-94c9-fb7e2966fe0a) with status 201
2024-01-29 21:30:44,805 - basicLogger - INFO - Received event Hotel Room Booking request with a trace id of 13372924-364d-46db-ba88-8d99bca795a3
2024-01-29 21:30:44,875 - basicLogger - INFO - Returned event Hotel Activity Booking response (Id: f585ebf2-201b-4162-aaab-97fa72f85c52) with status 201
2024-01-29 21:30:44,891 - basicLogger - INFO - Received event Hotel Room Booking request with a trace id of 62666e0e-ee4f-409c-b088-09906f46d34f
2024-01-29 21:30:44,974 - basicLogger - INFO - Returned event Hotel Activity Booking response (Id: bc05ebd0-9671-4076-99e6-309919b33c6a) with status 201
2024-01-29 21:30:44,989 - basicLogger - INFO - Received event Hotel Room Booking request with a trace id of 510782b2-9b53-4888-a1c9-c256a4bbac8a
2024-01-29 21:30:45,058 - basicLogger - INFO - Returned event Hotel Activity Booking response (Id: a328a66b-5927-42d7-ac4c-98f6bab96ce4) with status 201
2024-01-29 21:30:45,082 - basicLogger - INFO - Received event Hotel Room Booking request with a trace id of 04f933a3-746f-40c2-8ba7-d6200f680afb
2024-01-29 21:30:46,293 - basicLogger - INFO - Returned event Hotel Room Booking response (Id: $00fb6040-26f9-4628-9a19-9d1ef987265e) with status $201
2024-01-29 21:30:46,293 - basicLogger - INFO - Received event Hotel Activity Booking request with a trace id of 07214072-dfbb-44d8-aa84-b69316e2a48f
2024-01-29 21:30:46,343 - basicLogger - INFO - Returned event Hotel Room Booking response (Id: $53836f03-f236-4eff-a260-9cc64e2bbea8) with status $201
2024-01-29 21:30:46,356 - basicLogger - INFO - Received event Hotel Activity Booking request with a trace id of e519ce2d-554c-4341-b445-688f4f7ea12f
2024-01-29 21:30:46,408 - basicLogger - INFO - Returned event Hotel Room Booking response (Id: $e75268ff-7d96-465a-9f2b-885cb0656dce) with status $201
2024-01-29 21:30:46,430 - basicLogger - INFO - Received event Hotel Activity Booking request with a trace id of 09cf9c8b-8816-47ab-91b8-fe25e4e44fc4
2024-01-29 21:30:46,569 - basicLogger - INFO - Returned event Hotel Room Booking response (Id: $27edcaae-6258-494b-8d08-81c51d58d711) with status $201
2024-01-29 21:30:46,574 - basicLogger - INFO - Received event Hotel Activity Booking request with a trace id of 90ac96e9-597d-4707-95fd-87f7045b3cc6
2024-01-29 21:30:46,658 - basicLogger - INFO - Returned event Hotel Room Booking response (Id: $099d181f-0830-41b1-85c1-8cab0f486d7d) with status $201
2024-01-29 21:30:46,658 - basicLogger - INFO - Received event Hotel Activity Booking request with a trace id of 1ce9221c-5ceb-41ea-a090-c270842529be
2024-01-29 21:30:46,772 - basicLogger - INFO - Returned event Hotel Room Booking response (Id: $1ff888ff-1c52-445c-88b3-ae321174a972) with status $201
2024-01-29 21:30:46,789 - basicLogger - INFO - Received event Hotel Activity Booking request with a trace id of 3bbd654c-41a2-4971-aa76-f78316c9a490
2024-01-29 21:30:46,858 - basicLogger - INFO - Returned event Hotel Room Booking response (Id: $13372924-364d-46db-ba88-8d99bca795a3) with status $201
2024-01-29 21:30:46,874 - basicLogger - INFO - Received event Hotel Activity Booking request with a trace id of 92fd6c24-5db8-4c94-b956-d43aa03a2559
2024-01-29 21:30:46,938 - basicLogger - INFO - Returned event Hotel Room Booking response (Id: $62666e0e-ee4f-409c-b088-09906f46d34f) with status $201
2024-01-29 21:30:46,947 - basicLogger - INFO - Received event Hotel Activity Booking request with a trace id of 0974d45d-9c67-4b1a-b95f-b19f2f029aef
2024-01-29 21:30:47,040 - basicLogger - INFO - Returned event Hotel Room Booking response (Id: $510782b2-9b53-4888-a1c9-c256a4bbac8a) with status $201
2024-01-29 21:30:47,040 - basicLogger - INFO - Received event Hotel Activity Booking request with a trace id of 69141f0b-5819-495d-8031-fb62475e2749
2024-01-29 21:30:47,108 - basicLogger - INFO - Returned event Hotel Room Booking response (Id: $04f933a3-746f-40c2-8ba7-d6200f680afb) with status $201
2024-01-29 21:30:47,124 - basicLogger - INFO - Received event Hotel Activity Booking request with a trace id of 5237bf8e-be87-40ad-ae72-ec87b0400b6a
2024-01-29 21:30:48,350 - basicLogger - INFO - Returned event Hotel Activity Booking response (Id: 07214072-dfbb-44d8-aa84-b69316e2a48f) with status 201
2024-01-29 21:30:48,350 - basicLogger - INFO - Received event Hotel Room Booking request with a trace id of 1f495d0a-caae-4422-b22c-fa05ed587dd6
2024-01-29 21:30:48,405 - basicLogger - INFO - Returned event Hotel Activity Booking response (Id: e519ce2d-554c-4341-b445-688f4f7ea12f) with status 201
2024-01-29 21:30:48,417 - basicLogger - INFO - Received event Hotel Room Booking request with a trace id of 6104e5ff-2f9d-47e8-b104-d3573957d742
2024-01-29 21:30:48,474 - basicLogger - INFO - Returned event Hotel Activity Booking response (Id: 09cf9c8b-8816-47ab-91b8-fe25e4e44fc4) with status 201
2024-01-29 21:30:48,485 - basicLogger - INFO - Received event Hotel Room Booking request with a trace id of b46540d8-6d9f-4d9f-82cc-c576d2314f49
2024-01-29 21:30:48,635 - basicLogger - INFO - Returned event Hotel Activity Booking response (Id: 90ac96e9-597d-4707-95fd-87f7045b3cc6) with status 201
2024-01-29 21:30:48,635 - basicLogger - INFO - Received event Hotel Room Booking request with a trace id of 05747f23-6f25-47dc-aa3a-6428ed27cb85
2024-01-29 21:30:48,709 - basicLogger - INFO - Returned event Hotel Activity Booking response (Id: 1ce9221c-5ceb-41ea-a090-c270842529be) with status 201
2024-01-29 21:30:48,728 - basicLogger - INFO - Received event Hotel Room Booking request with a trace id of 91edf84a-21b7-4dc0-b980-b02dcd7e1ad7
2024-01-29 21:30:48,838 - basicLogger - INFO - Returned event Hotel Activity Booking response (Id: 3bbd654c-41a2-4971-aa76-f78316c9a490) with status 201
2024-01-29 21:30:48,848 - basicLogger - INFO - Received event Hotel Room Booking request with a trace id of 228d5ce7-1eeb-4eed-9f16-1344cbf919e7
2024-01-29 21:30:48,925 - basicLogger - INFO - Returned event Hotel Activity Booking response (Id: 92fd6c24-5db8-4c94-b956-d43aa03a2559) with status 201
2024-01-29 21:30:48,947 - basicLogger - INFO - Received event Hotel Room Booking request with a trace id of 8f69c024-8eed-4226-92cd-e05a07beca65
2024-01-29 21:30:48,999 - basicLogger - INFO - Returned event Hotel Activity Booking response (Id: 0974d45d-9c67-4b1a-b95f-b19f2f029aef) with status 201
2024-01-29 21:30:49,012 - basicLogger - INFO - Received event Hotel Room Booking request with a trace id of f8893c58-2c14-413d-a2c8-b78c4320faef
2024-01-29 21:30:49,094 - basicLogger - INFO - Returned event Hotel Activity Booking response (Id: 69141f0b-5819-495d-8031-fb62475e2749) with status 201
2024-01-29 21:30:49,110 - basicLogger - INFO - Received event Hotel Room Booking request with a trace id of 35e59514-5428-4344-8ac3-82ba63c65eff
2024-01-29 21:30:49,177 - basicLogger - INFO - Returned event Hotel Activity Booking response (Id: 5237bf8e-be87-40ad-ae72-ec87b0400b6a) with status 201
2024-01-29 21:30:49,177 - basicLogger - INFO - Received event Hotel Room Booking request with a trace id of cdadc8f5-4646-4374-bbae-a40e3908c421
2024-01-29 21:30:50,403 - basicLogger - INFO - Returned event Hotel Room Booking response (Id: $1f495d0a-caae-4422-b22c-fa05ed587dd6) with status $201
2024-01-29 21:30:50,428 - basicLogger - INFO - Received event Hotel Activity Booking request with a trace id of 0e9f867f-55ca-413e-9b72-8e422a9dd2e5
2024-01-29 21:30:50,450 - basicLogger - INFO - Returned event Hotel Room Booking response (Id: $6104e5ff-2f9d-47e8-b104-d3573957d742) with status $201
2024-01-29 21:30:50,463 - basicLogger - INFO - Received event Hotel Activity Booking request with a trace id of 30f27bfb-4ca0-47fc-b68f-6bc8da358ba9
2024-01-29 21:30:50,540 - basicLogger - INFO - Returned event Hotel Room Booking response (Id: $b46540d8-6d9f-4d9f-82cc-c576d2314f49) with status $201
2024-01-29 21:30:50,556 - basicLogger - INFO - Received event Hotel Activity Booking request with a trace id of 93128bf0-871d-437f-898b-68bba965a8ac
2024-01-29 21:30:50,703 - basicLogger - INFO - Returned event Hotel Room Booking response (Id: $05747f23-6f25-47dc-aa3a-6428ed27cb85) with status $201
2024-01-29 21:30:50,719 - basicLogger - INFO - Received event Hotel Activity Booking request with a trace id of ee0e44ee-b69c-4208-99e7-f62673c19fa7
2024-01-29 21:30:50,788 - basicLogger - INFO - Returned event Hotel Room Booking response (Id: $91edf84a-21b7-4dc0-b980-b02dcd7e1ad7) with status $201
2024-01-29 21:30:50,794 - basicLogger - INFO - Received event Hotel Activity Booking request with a trace id of 750c95c5-a0d6-4de1-826e-33d8c4032228
2024-01-29 21:30:50,894 - basicLogger - INFO - Returned event Hotel Room Booking response (Id: $228d5ce7-1eeb-4eed-9f16-1344cbf919e7) with status $201
2024-01-29 21:30:50,905 - basicLogger - INFO - Received event Hotel Activity Booking request with a trace id of 0cea8ed7-d6cb-42b7-bd4a-a71235a9ce45
2024-01-29 21:30:50,974 - basicLogger - INFO - Returned event Hotel Room Booking response (Id: $8f69c024-8eed-4226-92cd-e05a07beca65) with status $201
2024-01-29 21:30:50,996 - basicLogger - INFO - Received event Hotel Activity Booking request with a trace id of cbcb837e-4e1e-4592-b9ea-93bcd0081a41
2024-01-29 21:30:51,059 - basicLogger - INFO - Returned event Hotel Room Booking response (Id: $f8893c58-2c14-413d-a2c8-b78c4320faef) with status $201
2024-01-29 21:30:51,080 - basicLogger - INFO - Received event Hotel Activity Booking request with a trace id of b0c49920-1959-4b98-9874-2e5a0fe93ab7
2024-01-29 21:30:51,158 - basicLogger - INFO - Returned event Hotel Room Booking response (Id: $35e59514-5428-4344-8ac3-82ba63c65eff) with status $201
2024-01-29 21:30:51,174 - basicLogger - INFO - Received event Hotel Activity Booking request with a trace id of 49b8ec2c-737a-4bd9-b5b9-e4ec376adaff
2024-01-29 21:30:51,236 - basicLogger - INFO - Returned event Hotel Room Booking response (Id: $cdadc8f5-4646-4374-bbae-a40e3908c421) with status $201
2024-01-29 21:30:51,246 - basicLogger - INFO - Received event Hotel Activity Booking request with a trace id of af0b55f1-56ae-49f7-b279-48c08886f213
2024-01-29 21:30:52,454 - basicLogger - INFO - Returned event Hotel Activity Booking response (Id: 0e9f867f-55ca-413e-9b72-8e422a9dd2e5) with status 201
2024-01-29 21:30:52,478 - basicLogger - INFO - Received event Hotel Room Booking request with a trace id of 276c8e43-fd51-46d6-98ef-822aff56d56f
2024-01-29 21:30:52,509 - basicLogger - INFO - Returned event Hotel Activity Booking response (Id: 30f27bfb-4ca0-47fc-b68f-6bc8da358ba9) with status 201
2024-01-29 21:30:52,518 - basicLogger - INFO - Received event Hotel Room Booking request with a trace id of 6269b2cd-f048-4dce-8f12-a7c3c7a917fa
2024-01-29 21:30:52,598 - basicLogger - INFO - Returned event Hotel Activity Booking response (Id: 93128bf0-871d-437f-898b-68bba965a8ac) with status 201
2024-01-29 21:30:52,613 - basicLogger - INFO - Received event Hotel Room Booking request with a trace id of ecfa4a31-5fe9-44c1-9e9b-b0b9d211757f
2024-01-29 21:30:52,753 - basicLogger - INFO - Returned event Hotel Activity Booking response (Id: ee0e44ee-b69c-4208-99e7-f62673c19fa7) with status 201
2024-01-29 21:30:52,776 - basicLogger - INFO - Received event Hotel Room Booking request with a trace id of 200b6f20-7320-4ba1-a41e-e908d8744772
2024-01-29 21:30:52,834 - basicLogger - INFO - Returned event Hotel Activity Booking response (Id: 750c95c5-a0d6-4de1-826e-33d8c4032228) with status 201
2024-01-29 21:30:52,845 - basicLogger - INFO - Received event Hotel Room Booking request with a trace id of 919fb167-55b9-4a8b-b1b3-51fe01538076
2024-01-29 21:30:52,953 - basicLogger - INFO - Returned event Hotel Activity Booking response (Id: 0cea8ed7-d6cb-42b7-bd4a-a71235a9ce45) with status 201
2024-01-29 21:30:52,965 - basicLogger - INFO - Received event Hotel Room Booking request with a trace id of 4d3d83ab-6eb4-4375-9e3b-5f986cd5ade5
2024-01-29 21:30:53,025 - basicLogger - INFO - Returned event Hotel Activity Booking response (Id: cbcb837e-4e1e-4592-b9ea-93bcd0081a41) with status 201
2024-01-29 21:30:53,047 - basicLogger - INFO - Received event Hotel Room Booking request with a trace id of a136fb4b-c9ba-4d98-9c67-1a004565770a
2024-01-29 21:30:53,109 - basicLogger - INFO - Returned event Hotel Activity Booking response (Id: b0c49920-1959-4b98-9874-2e5a0fe93ab7) with status 201
2024-01-29 21:30:53,129 - basicLogger - INFO - Received event Hotel Room Booking request with a trace id of 07f97206-dc23-4490-a362-9ba3cde64b4c
2024-01-29 21:30:53,210 - basicLogger - INFO - Returned event Hotel Activity Booking response (Id: 49b8ec2c-737a-4bd9-b5b9-e4ec376adaff) with status 201
2024-01-29 21:30:53,233 - basicLogger - INFO - Received event Hotel Room Booking request with a trace id of bee752cf-a101-4ba5-9736-d19fd36cae78
2024-01-29 21:30:53,282 - basicLogger - INFO - Returned event Hotel Activity Booking response (Id: af0b55f1-56ae-49f7-b279-48c08886f213) with status 201
2024-01-29 21:30:53,297 - basicLogger - INFO - Received event Hotel Room Booking request with a trace id of 490747e2-2f35-49e2-afdc-e62fa1f76a45
2024-01-29 21:30:54,520 - basicLogger - INFO - Returned event Hotel Room Booking response (Id: $276c8e43-fd51-46d6-98ef-822aff56d56f) with status $201
2024-01-29 21:30:54,533 - basicLogger - INFO - Received event Hotel Activity Booking request with a trace id of 0af73f10-7232-44ba-a9c8-5a7c849e6c09
2024-01-29 21:30:54,551 - basicLogger - INFO - Returned event Hotel Room Booking response (Id: $6269b2cd-f048-4dce-8f12-a7c3c7a917fa) with status $201
2024-01-29 21:30:54,560 - basicLogger - INFO - Received event Hotel Activity Booking request with a trace id of 74662da0-fb27-484a-9c04-305bf29bf3fd
2024-01-29 21:30:54,671 - basicLogger - INFO - Returned event Hotel Room Booking response (Id: $ecfa4a31-5fe9-44c1-9e9b-b0b9d211757f) with status $201
2024-01-29 21:30:54,678 - basicLogger - INFO - Received event Hotel Activity Booking request with a trace id of 994e7cdb-1b04-44a6-811e-b16b25dd988f
2024-01-29 21:30:54,805 - basicLogger - INFO - Returned event Hotel Room Booking response (Id: $200b6f20-7320-4ba1-a41e-e908d8744772) with status $201
2024-01-29 21:30:54,828 - basicLogger - INFO - Received event Hotel Activity Booking request with a trace id of 3b5b6336-7d79-425f-ac91-6d1cd2ee0b60
2024-01-29 21:30:54,881 - basicLogger - INFO - Returned event Hotel Room Booking response (Id: $919fb167-55b9-4a8b-b1b3-51fe01538076) with status $201
2024-01-29 21:30:54,892 - basicLogger - INFO - Received event Hotel Activity Booking request with a trace id of ee0bb86e-4342-4378-9af4-4629e737af8f
2024-01-29 21:30:55,001 - basicLogger - INFO - Returned event Hotel Room Booking response (Id: $4d3d83ab-6eb4-4375-9e3b-5f986cd5ade5) with status $201
2024-01-29 21:30:55,013 - basicLogger - INFO - Received event Hotel Activity Booking request with a trace id of 596032c8-556b-4f73-b844-a5f56c2ba391
2024-01-29 21:30:55,092 - basicLogger - INFO - Returned event Hotel Room Booking response (Id: $a136fb4b-c9ba-4d98-9c67-1a004565770a) with status $201
2024-01-29 21:30:55,102 - basicLogger - INFO - Received event Hotel Activity Booking request with a trace id of aa017f3f-498b-4f5d-bbc3-223ce372b71e
2024-01-29 21:30:55,159 - basicLogger - INFO - Returned event Hotel Room Booking response (Id: $07f97206-dc23-4490-a362-9ba3cde64b4c) with status $201
2024-01-29 21:30:55,180 - basicLogger - INFO - Received event Hotel Activity Booking request with a trace id of 9b4fa3ed-5fb1-4a26-b378-e204bdea3b5a
2024-01-29 21:30:55,289 - basicLogger - INFO - Returned event Hotel Room Booking response (Id: $bee752cf-a101-4ba5-9736-d19fd36cae78) with status $201
2024-01-29 21:30:55,302 - basicLogger - INFO - Received event Hotel Activity Booking request with a trace id of 2c7b9efd-1fed-4d95-9c11-b9322571ca46
2024-01-29 21:30:55,338 - basicLogger - INFO - Returned event Hotel Room Booking response (Id: $490747e2-2f35-49e2-afdc-e62fa1f76a45) with status $201
2024-01-29 21:30:55,348 - basicLogger - INFO - Received event Hotel Activity Booking request with a trace id of 3a3f893e-823e-492c-8c18-a74648dc10c2
2024-01-29 21:30:56,578 - basicLogger - INFO - Returned event Hotel Activity Booking response (Id: 0af73f10-7232-44ba-a9c8-5a7c849e6c09) with status 201
2024-01-29 21:30:56,589 - basicLogger - INFO - Received event Hotel Room Booking request with a trace id of a7e36f7e-2ff6-4423-93cb-e77587e8d707
2024-01-29 21:30:56,602 - basicLogger - INFO - Returned event Hotel Activity Booking response (Id: 74662da0-fb27-484a-9c04-305bf29bf3fd) with status 201
2024-01-29 21:30:56,614 - basicLogger - INFO - Received event Hotel Room Booking request with a trace id of 1f8e0636-0c97-435a-8a4c-e851ca6f35f3
2024-01-29 21:30:56,744 - basicLogger - INFO - Returned event Hotel Activity Booking response (Id: 994e7cdb-1b04-44a6-811e-b16b25dd988f) with status 201
2024-01-29 21:30:56,755 - basicLogger - INFO - Received event Hotel Room Booking request with a trace id of 2a5163af-25f8-41b6-a8ad-7cf5f01c5bf0
2024-01-29 21:30:56,879 - basicLogger - INFO - Returned event Hotel Activity Booking response (Id: 3b5b6336-7d79-425f-ac91-6d1cd2ee0b60) with status 201
2024-01-29 21:30:56,893 - basicLogger - INFO - Received event Hotel Room Booking request with a trace id of 4540a6ea-53ed-4640-a54e-fa02a1d27039
2024-01-29 21:30:56,958 - basicLogger - INFO - Returned event Hotel Activity Booking response (Id: ee0bb86e-4342-4378-9af4-4629e737af8f) with status 201
2024-01-29 21:30:56,971 - basicLogger - INFO - Received event Hotel Room Booking request with a trace id of a133d9e3-83bf-4e4e-a6a4-74c958cc75e0
2024-01-29 21:30:57,070 - basicLogger - INFO - Returned event Hotel Activity Booking response (Id: 596032c8-556b-4f73-b844-a5f56c2ba391) with status 201
2024-01-29 21:30:57,091 - basicLogger - INFO - Received event Hotel Room Booking request with a trace id of 079b1624-fb8c-4de7-a719-56b3f5c82344
2024-01-29 21:30:57,162 - basicLogger - INFO - Returned event Hotel Activity Booking response (Id: aa017f3f-498b-4f5d-bbc3-223ce372b71e) with status 201
2024-01-29 21:30:57,174 - basicLogger - INFO - Received event Hotel Room Booking request with a trace id of 2556b096-8ecf-44a2-9d4a-c6589efa0e98
2024-01-29 21:30:57,242 - basicLogger - INFO - Returned event Hotel Activity Booking response (Id: 9b4fa3ed-5fb1-4a26-b378-e204bdea3b5a) with status 201
2024-01-29 21:30:57,253 - basicLogger - INFO - Received event Hotel Room Booking request with a trace id of 4d8bda40-2198-4184-b0b1-79db25c898b2
2024-01-29 21:30:57,349 - basicLogger - INFO - Returned event Hotel Activity Booking response (Id: 2c7b9efd-1fed-4d95-9c11-b9322571ca46) with status 201
2024-01-29 21:30:57,360 - basicLogger - INFO - Received event Hotel Room Booking request with a trace id of 88988a5b-6b64-4e60-bbba-641a071a2c45
2024-01-29 21:30:57,393 - basicLogger - INFO - Returned event Hotel Activity Booking response (Id: 3a3f893e-823e-492c-8c18-a74648dc10c2) with status 201
2024-01-29 21:30:57,403 - basicLogger - INFO - Received event Hotel Room Booking request with a trace id of 973f3f65-4897-490b-8845-4bf16be39c42
2024-01-29 21:30:58,652 - basicLogger - INFO - Returned event Hotel Room Booking response (Id: $a7e36f7e-2ff6-4423-93cb-e77587e8d707) with status $201
2024-01-29 21:30:58,663 - basicLogger - INFO - Returned event Hotel Room Booking response (Id: $1f8e0636-0c97-435a-8a4c-e851ca6f35f3) with status $201
2024-01-29 21:30:58,666 - basicLogger - INFO - Received event Hotel Activity Booking request with a trace id of f493cee8-b9b9-48fb-853f-5a016c49a632
2024-01-29 21:30:58,675 - basicLogger - INFO - Received event Hotel Activity Booking request with a trace id of 08212e22-c193-446a-8f7a-9f07bd42f3cc
2024-01-29 21:30:58,805 - basicLogger - INFO - Returned event Hotel Room Booking response (Id: $2a5163af-25f8-41b6-a8ad-7cf5f01c5bf0) with status $201
2024-01-29 21:30:58,815 - basicLogger - INFO - Received event Hotel Activity Booking request with a trace id of a53189a7-1b51-4612-8028-c9f6214e07a8
2024-01-29 21:30:58,950 - basicLogger - INFO - Returned event Hotel Room Booking response (Id: $4540a6ea-53ed-4640-a54e-fa02a1d27039) with status $201
2024-01-29 21:30:58,961 - basicLogger - INFO - Received event Hotel Activity Booking request with a trace id of 95c6440d-c49f-4349-8204-3bcf08971a49
2024-01-29 21:30:59,024 - basicLogger - INFO - Returned event Hotel Room Booking response (Id: $a133d9e3-83bf-4e4e-a6a4-74c958cc75e0) with status $201
2024-01-29 21:30:59,037 - basicLogger - INFO - Received event Hotel Activity Booking request with a trace id of 12ada27d-7313-4113-b26f-9787d7ea8460
2024-01-29 21:30:59,148 - basicLogger - INFO - Returned event Hotel Room Booking response (Id: $079b1624-fb8c-4de7-a719-56b3f5c82344) with status $201
2024-01-29 21:30:59,158 - basicLogger - INFO - Received event Hotel Activity Booking request with a trace id of 15189477-6a38-4181-8e85-04dc609407ab
2024-01-29 21:30:59,227 - basicLogger - INFO - Returned event Hotel Room Booking response (Id: $2556b096-8ecf-44a2-9d4a-c6589efa0e98) with status $201
2024-01-29 21:30:59,239 - basicLogger - INFO - Received event Hotel Activity Booking request with a trace id of 365bdb1c-40df-429b-85b5-c72925d7f22f
2024-01-29 21:30:59,320 - basicLogger - INFO - Returned event Hotel Room Booking response (Id: $4d8bda40-2198-4184-b0b1-79db25c898b2) with status $201
2024-01-29 21:30:59,332 - basicLogger - INFO - Received event Hotel Activity Booking request with a trace id of 5f4123d0-547b-4c5a-8098-eaf78eafb1dc
2024-01-29 21:30:59,429 - basicLogger - INFO - Returned event Hotel Room Booking response (Id: $88988a5b-6b64-4e60-bbba-641a071a2c45) with status $201
2024-01-29 21:30:59,438 - basicLogger - INFO - Received event Hotel Activity Booking request with a trace id of f0992ed8-e07e-4d57-873c-425e9a10f611
2024-01-29 21:30:59,458 - basicLogger - INFO - Returned event Hotel Room Booking response (Id: $973f3f65-4897-490b-8845-4bf16be39c42) with status $201
2024-01-29 21:30:59,467 - basicLogger - INFO - Received event Hotel Activity Booking request with a trace id of 61d1c543-2503-4ac6-b686-7e54987a7b95
2024-01-29 21:31:00,734 - basicLogger - INFO - Returned event Hotel Activity Booking response (Id: f493cee8-b9b9-48fb-853f-5a016c49a632) with status 201
2024-01-29 21:31:00,737 - basicLogger - INFO - Returned event Hotel Activity Booking response (Id: 08212e22-c193-446a-8f7a-9f07bd42f3cc) with status 201
2024-01-29 21:31:00,746 - basicLogger - INFO - Received event Hotel Room Booking request with a trace id of 195756a1-ea35-4d4f-8526-e6faca04c5bc
2024-01-29 21:31:00,747 - basicLogger - INFO - Received event Hotel Room Booking request with a trace id of 175bbbf6-35e0-4260-8f56-9e9ca35b73e2
2024-01-29 21:31:00,871 - basicLogger - INFO - Returned event Hotel Activity Booking response (Id: a53189a7-1b51-4612-8028-c9f6214e07a8) with status 201
2024-01-29 21:31:00,887 - basicLogger - INFO - Received event Hotel Room Booking request with a trace id of 44475c29-4d57-4052-9832-2f5fff5a4ca3
2024-01-29 21:31:01,013 - basicLogger - INFO - Returned event Hotel Activity Booking response (Id: 95c6440d-c49f-4349-8204-3bcf08971a49) with status 201
2024-01-29 21:31:01,025 - basicLogger - INFO - Received event Hotel Room Booking request with a trace id of 43d68e97-e232-43f7-bf93-f90d3166937a
2024-01-29 21:31:01,087 - basicLogger - INFO - Returned event Hotel Activity Booking response (Id: 12ada27d-7313-4113-b26f-9787d7ea8460) with status 201
2024-01-29 21:31:01,098 - basicLogger - INFO - Received event Hotel Room Booking request with a trace id of cc1f21b4-88fd-4fb2-8586-9ec217e447bb
2024-01-29 21:31:01,207 - basicLogger - INFO - Returned event Hotel Activity Booking response (Id: 15189477-6a38-4181-8e85-04dc609407ab) with status 201
2024-01-29 21:31:01,218 - basicLogger - INFO - Received event Hotel Room Booking request with a trace id of 2410fb88-55ba-4062-8bf0-a79d23879bde
2024-01-29 21:31:01,286 - basicLogger - INFO - Returned event Hotel Activity Booking response (Id: 365bdb1c-40df-429b-85b5-c72925d7f22f) with status 201
2024-01-29 21:31:01,298 - basicLogger - INFO - Received event Hotel Room Booking request with a trace id of c51355cf-ee83-4818-8838-3c0c076635b5
2024-01-29 21:31:01,380 - basicLogger - INFO - Returned event Hotel Activity Booking response (Id: 5f4123d0-547b-4c5a-8098-eaf78eafb1dc) with status 201
2024-01-29 21:31:01,394 - basicLogger - INFO - Received event Hotel Room Booking request with a trace id of 29da3292-af76-4409-b528-1d52ff1bbe20
2024-01-29 21:31:01,491 - basicLogger - INFO - Returned event Hotel Activity Booking response (Id: f0992ed8-e07e-4d57-873c-425e9a10f611) with status 201
2024-01-29 21:31:01,500 - basicLogger - INFO - Received event Hotel Room Booking request with a trace id of 4364d253-54b1-40a4-ac0c-d929bb4069ba
2024-01-29 21:31:01,517 - basicLogger - INFO - Returned event Hotel Activity Booking response (Id: 61d1c543-2503-4ac6-b686-7e54987a7b95) with status 201
2024-01-29 21:31:01,528 - basicLogger - INFO - Received event Hotel Room Booking request with a trace id of bdd061c9-a05c-4c0e-b11d-856c43171201
2024-01-29 21:31:02,817 - basicLogger - INFO - Returned event Hotel Room Booking response (Id: $175bbbf6-35e0-4260-8f56-9e9ca35b73e2) with status $201
2024-01-29 21:31:02,818 - basicLogger - INFO - Returned event Hotel Room Booking response (Id: $195756a1-ea35-4d4f-8526-e6faca04c5bc) with status $201
2024-01-29 21:31:02,838 - basicLogger - INFO - Received event Hotel Activity Booking request with a trace id of 1c30bec9-1877-4340-9cd9-d68a69583d1a
2024-01-29 21:31:02,838 - basicLogger - INFO - Received event Hotel Activity Booking request with a trace id of b7483cf4-3df2-4445-9526-2a2253803348
2024-01-29 21:31:02,957 - basicLogger - INFO - Returned event Hotel Room Booking response (Id: $44475c29-4d57-4052-9832-2f5fff5a4ca3) with status $201
2024-01-29 21:31:02,967 - basicLogger - INFO - Received event Hotel Activity Booking request with a trace id of 272d67e5-9f1f-4831-8b2f-ece885561028
2024-01-29 21:31:03,084 - basicLogger - INFO - Returned event Hotel Room Booking response (Id: $43d68e97-e232-43f7-bf93-f90d3166937a) with status $201
2024-01-29 21:31:03,103 - basicLogger - INFO - Received event Hotel Activity Booking request with a trace id of 598bb4b3-4d0e-42fc-9b4d-8db5172cb0ad
2024-01-29 21:31:03,161 - basicLogger - INFO - Returned event Hotel Room Booking response (Id: $cc1f21b4-88fd-4fb2-8586-9ec217e447bb) with status $201
2024-01-29 21:31:03,179 - basicLogger - INFO - Received event Hotel Activity Booking request with a trace id of 75ff6ce9-f946-4cf8-87d4-5ff71d47c288
2024-01-29 21:31:03,267 - basicLogger - INFO - Returned event Hotel Room Booking response (Id: $2410fb88-55ba-4062-8bf0-a79d23879bde) with status $201
2024-01-29 21:31:03,278 - basicLogger - INFO - Received event Hotel Activity Booking request with a trace id of 047b5617-7afa-44a1-834e-a087c29d47d3
2024-01-29 21:31:03,347 - basicLogger - INFO - Returned event Hotel Room Booking response (Id: $c51355cf-ee83-4818-8838-3c0c076635b5) with status $201
2024-01-29 21:31:03,358 - basicLogger - INFO - Received event Hotel Activity Booking request with a trace id of ee023415-ddda-4d37-879c-12a062b81f08
2024-01-29 21:31:03,458 - basicLogger - INFO - Returned event Hotel Room Booking response (Id: $29da3292-af76-4409-b528-1d52ff1bbe20) with status $201
2024-01-29 21:31:03,472 - basicLogger - INFO - Received event Hotel Activity Booking request with a trace id of 0eb5f1d4-1331-4b97-a73e-f15fb42f5962
2024-01-29 21:31:03,561 - basicLogger - INFO - Returned event Hotel Room Booking response (Id: $4364d253-54b1-40a4-ac0c-d929bb4069ba) with status $201
2024-01-29 21:31:03,572 - basicLogger - INFO - Received event Hotel Activity Booking request with a trace id of 9c97d454-d1d0-4128-848a-c0dfd7786338
2024-01-29 21:31:03,574 - basicLogger - INFO - Returned event Hotel Room Booking response (Id: $bdd061c9-a05c-4c0e-b11d-856c43171201) with status $201
2024-01-29 21:31:03,587 - basicLogger - INFO - Received event Hotel Activity Booking request with a trace id of 12542aa6-acc5-40be-b204-2ccaef006230
2024-01-29 21:31:04,904 - basicLogger - INFO - Returned event Hotel Activity Booking response (Id: 1c30bec9-1877-4340-9cd9-d68a69583d1a) with status 201
2024-01-29 21:31:04,905 - basicLogger - INFO - Returned event Hotel Activity Booking response (Id: b7483cf4-3df2-4445-9526-2a2253803348) with status 201
2024-01-29 21:31:04,920 - basicLogger - INFO - Received event Hotel Room Booking request with a trace id of 79817e2d-4d0a-4e1c-8f83-97577f842966
2024-01-29 21:31:04,921 - basicLogger - INFO - Received event Hotel Room Booking request with a trace id of 88070eff-c974-433a-a3cc-2955607c1963
2024-01-29 21:31:05,021 - basicLogger - INFO - Returned event Hotel Activity Booking response (Id: 272d67e5-9f1f-4831-8b2f-ece885561028) with status 201
2024-01-29 21:31:05,037 - basicLogger - INFO - Received event Hotel Room Booking request with a trace id of df27817e-c4f8-405f-a383-54b477b727b3
2024-01-29 21:31:05,163 - basicLogger - INFO - Returned event Hotel Activity Booking response (Id: 598bb4b3-4d0e-42fc-9b4d-8db5172cb0ad) with status 201
2024-01-29 21:31:05,179 - basicLogger - INFO - Received event Hotel Room Booking request with a trace id of ab2ca1a7-d681-4023-be4f-36c881dc15c6
2024-01-29 21:31:05,239 - basicLogger - INFO - Returned event Hotel Activity Booking response (Id: 75ff6ce9-f946-4cf8-87d4-5ff71d47c288) with status 201
2024-01-29 21:31:05,253 - basicLogger - INFO - Received event Hotel Room Booking request with a trace id of 814b71b4-f60b-4dee-aaca-1ed0eeb5c380
2024-01-29 21:31:05,335 - basicLogger - INFO - Returned event Hotel Activity Booking response (Id: 047b5617-7afa-44a1-834e-a087c29d47d3) with status 201
2024-01-29 21:31:05,353 - basicLogger - INFO - Received event Hotel Room Booking request with a trace id of fc16c048-2cf7-4ed3-be76-3b38e80bf418
2024-01-29 21:31:05,428 - basicLogger - INFO - Returned event Hotel Activity Booking response (Id: ee023415-ddda-4d37-879c-12a062b81f08) with status 201
2024-01-29 21:31:05,440 - basicLogger - INFO - Received event Hotel Room Booking request with a trace id of 7950da30-e471-41e5-aef4-98773ddcf319
2024-01-29 21:31:05,539 - basicLogger - INFO - Returned event Hotel Activity Booking response (Id: 0eb5f1d4-1331-4b97-a73e-f15fb42f5962) with status 201
2024-01-29 21:31:05,554 - basicLogger - INFO - Received event Hotel Room Booking request with a trace id of 27cbd1c4-3082-4b50-987d-98f2a48f0355
2024-01-29 21:31:05,628 - basicLogger - INFO - Returned event Hotel Activity Booking response (Id: 9c97d454-d1d0-4128-848a-c0dfd7786338) with status 201
2024-01-29 21:31:05,637 - basicLogger - INFO - Received event Hotel Room Booking request with a trace id of 3601e659-f331-4ed1-9817-8cd6cafc96b4
2024-01-29 21:31:05,640 - basicLogger - INFO - Returned event Hotel Activity Booking response (Id: 12542aa6-acc5-40be-b204-2ccaef006230) with status 201
2024-01-29 21:31:05,650 - basicLogger - INFO - Received event Hotel Room Booking request with a trace id of 0084fb78-d6c7-487d-8fed-19f55e8e3462
2024-01-29 21:31:06,968 - basicLogger - INFO - Returned event Hotel Room Booking response (Id: $88070eff-c974-433a-a3cc-2955607c1963) with status $201
2024-01-29 21:31:06,983 - basicLogger - INFO - Returned event Hotel Room Booking response (Id: $79817e2d-4d0a-4e1c-8f83-97577f842966) with status $201
2024-01-29 21:31:06,984 - basicLogger - INFO - Received event Hotel Activity Booking request with a trace id of 9795b771-7f97-45c8-999a-34f2515966f0
2024-01-29 21:31:06,993 - basicLogger - INFO - Received event Hotel Activity Booking request with a trace id of 67110e1f-4f19-4618-aa6a-1b94dbbb4355
2024-01-29 21:31:07,097 - basicLogger - INFO - Returned event Hotel Room Booking response (Id: $df27817e-c4f8-405f-a383-54b477b727b3) with status $201
2024-01-29 21:31:07,110 - basicLogger - INFO - Received event Hotel Activity Booking request with a trace id of 9ba3385d-c20d-4f20-b50e-9e271f449b60
2024-01-29 21:31:07,249 - basicLogger - INFO - Returned event Hotel Room Booking response (Id: $ab2ca1a7-d681-4023-be4f-36c881dc15c6) with status $201
2024-01-29 21:31:07,263 - basicLogger - INFO - Received event Hotel Activity Booking request with a trace id of e1af6fc7-40d5-4ebe-b2c4-c678e785c87c
2024-01-29 21:31:07,294 - basicLogger - INFO - Returned event Hotel Room Booking response (Id: $814b71b4-f60b-4dee-aaca-1ed0eeb5c380) with status $201
2024-01-29 21:31:07,304 - basicLogger - INFO - Received event Hotel Activity Booking request with a trace id of 1a294e9c-67e0-41ee-a028-57eda3e85092
2024-01-29 21:31:07,403 - basicLogger - INFO - Returned event Hotel Room Booking response (Id: $fc16c048-2cf7-4ed3-be76-3b38e80bf418) with status $201
2024-01-29 21:31:07,414 - basicLogger - INFO - Received event Hotel Activity Booking request with a trace id of a7874817-9ab3-4bcd-8fb0-56c740db8d7d
2024-01-29 21:31:07,515 - basicLogger - INFO - Returned event Hotel Room Booking response (Id: $7950da30-e471-41e5-aef4-98773ddcf319) with status $201
2024-01-29 21:31:07,524 - basicLogger - INFO - Received event Hotel Activity Booking request with a trace id of 77f33ebf-9372-4b62-9a11-399f1446f518
2024-01-29 21:31:07,624 - basicLogger - INFO - Returned event Hotel Room Booking response (Id: $27cbd1c4-3082-4b50-987d-98f2a48f0355) with status $201
2024-01-29 21:31:07,636 - basicLogger - INFO - Received event Hotel Activity Booking request with a trace id of 63b68340-c0c6-4142-82e2-93980deb5e69
2024-01-29 21:31:07,680 - basicLogger - INFO - Returned event Hotel Room Booking response (Id: $3601e659-f331-4ed1-9817-8cd6cafc96b4) with status $201
2024-01-29 21:31:07,688 - basicLogger - INFO - Received event Hotel Activity Booking request with a trace id of 2cd039bd-0c50-4ca5-b867-decc031b2662
2024-01-29 21:31:07,697 - basicLogger - INFO - Returned event Hotel Room Booking response (Id: $0084fb78-d6c7-487d-8fed-19f55e8e3462) with status $201
2024-01-29 21:31:07,705 - basicLogger - INFO - Received event Hotel Activity Booking request with a trace id of e48586af-8180-487e-b9e9-f9f4ac5cc1b7
2024-01-29 21:31:09,043 - basicLogger - INFO - Returned event Hotel Activity Booking response (Id: 67110e1f-4f19-4618-aa6a-1b94dbbb4355) with status 201
2024-01-29 21:31:09,056 - basicLogger - INFO - Returned event Hotel Activity Booking response (Id: 9795b771-7f97-45c8-999a-34f2515966f0) with status 201
2024-01-29 21:31:09,057 - basicLogger - INFO - Received event Hotel Room Booking request with a trace id of 470966ca-ef6d-4720-a1e5-59eb836de20d
2024-01-29 21:31:09,070 - basicLogger - INFO - Received event Hotel Room Booking request with a trace id of f9ff044e-fb22-446d-919a-c248d7ceaf48
2024-01-29 21:31:09,168 - basicLogger - INFO - Returned event Hotel Activity Booking response (Id: 9ba3385d-c20d-4f20-b50e-9e271f449b60) with status 201
2024-01-29 21:31:09,182 - basicLogger - INFO - Received event Hotel Room Booking request with a trace id of cae762b2-3011-4614-a2c6-9100a6014f90
2024-01-29 21:31:09,329 - basicLogger - INFO - Returned event Hotel Activity Booking response (Id: e1af6fc7-40d5-4ebe-b2c4-c678e785c87c) with status 201
2024-01-29 21:31:09,346 - basicLogger - INFO - Received event Hotel Room Booking request with a trace id of b4e5dc12-14c8-49f1-8e4b-e9677921c4df
2024-01-29 21:31:09,360 - basicLogger - INFO - Returned event Hotel Activity Booking response (Id: 1a294e9c-67e0-41ee-a028-57eda3e85092) with status 201
2024-01-29 21:31:09,407 - basicLogger - INFO - Received event Hotel Room Booking request with a trace id of a14786f8-ca2a-47c9-b112-540df278a78c
2024-01-29 21:31:09,453 - basicLogger - INFO - Returned event Hotel Activity Booking response (Id: a7874817-9ab3-4bcd-8fb0-56c740db8d7d) with status 201
2024-01-29 21:31:09,468 - basicLogger - INFO - Received event Hotel Room Booking request with a trace id of c0e7cf83-0685-46d0-82c1-e82ae5a30e26
2024-01-29 21:31:09,580 - basicLogger - INFO - Returned event Hotel Activity Booking response (Id: 77f33ebf-9372-4b62-9a11-399f1446f518) with status 201
2024-01-29 21:31:09,593 - basicLogger - INFO - Received event Hotel Room Booking request with a trace id of c5df4806-fde1-4cd6-b38d-c8346a3c6b14
2024-01-29 21:31:09,700 - basicLogger - INFO - Returned event Hotel Activity Booking response (Id: 63b68340-c0c6-4142-82e2-93980deb5e69) with status 201
2024-01-29 21:31:09,718 - basicLogger - INFO - Received event Hotel Room Booking request with a trace id of cc9e6c7d-559d-44f3-bc1b-6b29b8217788
2024-01-29 21:31:09,742 - basicLogger - INFO - Returned event Hotel Activity Booking response (Id: 2cd039bd-0c50-4ca5-b867-decc031b2662) with status 201
2024-01-29 21:31:09,758 - basicLogger - INFO - Received event Hotel Room Booking request with a trace id of d043e54a-ff6e-4f08-a42a-f8f4e86cbe49
2024-01-29 21:31:09,791 - basicLogger - INFO - Returned event Hotel Activity Booking response (Id: e48586af-8180-487e-b9e9-f9f4ac5cc1b7) with status 201
2024-01-29 21:31:09,804 - basicLogger - INFO - Received event Hotel Room Booking request with a trace id of 84192f73-53e1-45eb-8254-77a97b6926ca
2024-01-29 21:31:11,096 - basicLogger - INFO - Returned event Hotel Room Booking response (Id: $f9ff044e-fb22-446d-919a-c248d7ceaf48) with status $201
2024-01-29 21:31:11,109 - basicLogger - INFO - Returned event Hotel Room Booking response (Id: $470966ca-ef6d-4720-a1e5-59eb836de20d) with status $201
2024-01-29 21:31:11,118 - basicLogger - INFO - Received event Hotel Activity Booking request with a trace id of 23c95b05-0568-4db7-b2bb-f01ba4c47183
2024-01-29 21:31:11,128 - basicLogger - INFO - Received event Hotel Activity Booking request with a trace id of 16d3c707-ed32-4a1b-b759-4b7544d09e2d
2024-01-29 21:31:11,235 - basicLogger - INFO - Returned event Hotel Room Booking response (Id: $cae762b2-3011-4614-a2c6-9100a6014f90) with status $201
2024-01-29 21:31:11,249 - basicLogger - INFO - Received event Hotel Activity Booking request with a trace id of 3f9122ab-c40f-45fc-a4ee-9dcda2d90968
2024-01-29 21:31:11,399 - basicLogger - INFO - Returned event Hotel Room Booking response (Id: $b4e5dc12-14c8-49f1-8e4b-e9677921c4df) with status $201
2024-01-29 21:31:11,433 - basicLogger - INFO - Received event Hotel Activity Booking request with a trace id of 3e106dfa-c564-41c9-aa62-1a8f6183dbdc
2024-01-29 21:31:11,445 - basicLogger - INFO - Returned event Hotel Room Booking response (Id: $a14786f8-ca2a-47c9-b112-540df278a78c) with status $201
2024-01-29 21:31:11,457 - basicLogger - INFO - Received event Hotel Activity Booking request with a trace id of d8e090d2-5922-41fa-b31e-97ffe3b820f3
2024-01-29 21:31:11,518 - basicLogger - INFO - Returned event Hotel Room Booking response (Id: $c0e7cf83-0685-46d0-82c1-e82ae5a30e26) with status $201
2024-01-29 21:31:11,530 - basicLogger - INFO - Received event Hotel Activity Booking request with a trace id of 162dc447-5c64-44e7-9f0f-16e2b95a3bb9
2024-01-29 21:31:11,650 - basicLogger - INFO - Returned event Hotel Room Booking response (Id: $c5df4806-fde1-4cd6-b38d-c8346a3c6b14) with status $201
2024-01-29 21:31:11,658 - basicLogger - INFO - Received event Hotel Activity Booking request with a trace id of 7fbb7e41-ee05-4e7f-a1ea-835e3e346255
2024-01-29 21:31:11,772 - basicLogger - INFO - Returned event Hotel Room Booking response (Id: $cc9e6c7d-559d-44f3-bc1b-6b29b8217788) with status $201
2024-01-29 21:31:11,785 - basicLogger - INFO - Received event Hotel Activity Booking request with a trace id of 481bbb24-1eb5-46f0-9669-0a4c7c424785
2024-01-29 21:31:11,806 - basicLogger - INFO - Returned event Hotel Room Booking response (Id: $d043e54a-ff6e-4f08-a42a-f8f4e86cbe49) with status $201
2024-01-29 21:31:11,819 - basicLogger - INFO - Received event Hotel Activity Booking request with a trace id of 6949881b-b738-4c1f-8447-3e279f9d9dcc
2024-01-29 21:31:11,838 - basicLogger - INFO - Returned event Hotel Room Booking response (Id: $84192f73-53e1-45eb-8254-77a97b6926ca) with status $201
2024-01-29 21:31:11,849 - basicLogger - INFO - Received event Hotel Activity Booking request with a trace id of df3a1dbd-9abb-48ee-bb93-d3749cddf401
2024-01-29 21:31:13,181 - basicLogger - INFO - Returned event Hotel Activity Booking response (Id: 16d3c707-ed32-4a1b-b759-4b7544d09e2d) with status 201
2024-01-29 21:31:13,182 - basicLogger - INFO - Returned event Hotel Activity Booking response (Id: 23c95b05-0568-4db7-b2bb-f01ba4c47183) with status 201
2024-01-29 21:31:13,191 - basicLogger - INFO - Received event Hotel Room Booking request with a trace id of 4a4859d1-c402-48a6-8dea-8a524eccd465
2024-01-29 21:31:13,192 - basicLogger - INFO - Received event Hotel Room Booking request with a trace id of ce72b5c4-ca9c-43b3-9949-1f530ced6fa4
2024-01-29 21:31:13,323 - basicLogger - INFO - Returned event Hotel Activity Booking response (Id: 3f9122ab-c40f-45fc-a4ee-9dcda2d90968) with status 201
2024-01-29 21:31:13,334 - basicLogger - INFO - Received event Hotel Room Booking request with a trace id of d05a0aea-a2b5-49d5-b9c6-804e1b57f6fd
2024-01-29 21:31:13,488 - basicLogger - INFO - Returned event Hotel Activity Booking response (Id: 3e106dfa-c564-41c9-aa62-1a8f6183dbdc) with status 201
2024-01-29 21:31:13,500 - basicLogger - INFO - Received event Hotel Room Booking request with a trace id of 1da32488-9915-467d-92ec-7905c36d6e73
2024-01-29 21:31:13,503 - basicLogger - INFO - Returned event Hotel Activity Booking response (Id: d8e090d2-5922-41fa-b31e-97ffe3b820f3) with status 201
2024-01-29 21:31:13,520 - basicLogger - INFO - Received event Hotel Room Booking request with a trace id of 81a45626-b898-431c-8167-e32e28afbabe
2024-01-29 21:31:13,599 - basicLogger - INFO - Returned event Hotel Activity Booking response (Id: 162dc447-5c64-44e7-9f0f-16e2b95a3bb9) with status 201
2024-01-29 21:31:13,606 - basicLogger - INFO - Received event Hotel Room Booking request with a trace id of dda86434-f677-4348-9837-469a0a4bef77
2024-01-29 21:31:13,724 - basicLogger - INFO - Returned event Hotel Activity Booking response (Id: 7fbb7e41-ee05-4e7f-a1ea-835e3e346255) with status 201
2024-01-29 21:31:13,734 - basicLogger - INFO - Received event Hotel Room Booking request with a trace id of e3bc330a-7e77-4874-9374-14bb60350ab4
2024-01-29 21:31:13,848 - basicLogger - INFO - Returned event Hotel Activity Booking response (Id: 481bbb24-1eb5-46f0-9669-0a4c7c424785) with status 201
2024-01-29 21:31:13,861 - basicLogger - INFO - Received event Hotel Room Booking request with a trace id of 7434144a-10e7-4b10-97bd-f1f62a161c56
2024-01-29 21:31:13,873 - basicLogger - INFO - Returned event Hotel Activity Booking response (Id: 6949881b-b738-4c1f-8447-3e279f9d9dcc) with status 201
2024-01-29 21:31:13,886 - basicLogger - INFO - Received event Hotel Room Booking request with a trace id of 1c3fba23-332f-496e-a374-d48d6286e2fa
2024-01-29 21:31:13,905 - basicLogger - INFO - Returned event Hotel Activity Booking response (Id: df3a1dbd-9abb-48ee-bb93-d3749cddf401) with status 201
2024-01-29 21:31:13,916 - basicLogger - INFO - Received event Hotel Room Booking request with a trace id of 3d7d6901-acd2-41f4-b3d1-6c1d8baef4e7
2024-01-29 21:31:15,265 - basicLogger - INFO - Returned event Hotel Room Booking response (Id: $ce72b5c4-ca9c-43b3-9949-1f530ced6fa4) with status $201
2024-01-29 21:31:15,266 - basicLogger - INFO - Returned event Hotel Room Booking response (Id: $4a4859d1-c402-48a6-8dea-8a524eccd465) with status $201
2024-01-29 21:31:15,276 - basicLogger - INFO - Received event Hotel Activity Booking request with a trace id of 21f0aed1-0f6f-49e7-a520-21d7c9830165
2024-01-29 21:31:15,277 - basicLogger - INFO - Received event Hotel Activity Booking request with a trace id of 21982c3f-6838-425e-bfb4-6ed672520d0f
2024-01-29 21:31:15,399 - basicLogger - INFO - Returned event Hotel Room Booking response (Id: $d05a0aea-a2b5-49d5-b9c6-804e1b57f6fd) with status $201
2024-01-29 21:31:15,412 - basicLogger - INFO - Received event Hotel Activity Booking request with a trace id of ee355748-79ed-4bed-b5e6-13711452dc38
2024-01-29 21:31:15,554 - basicLogger - INFO - Returned event Hotel Room Booking response (Id: $1da32488-9915-467d-92ec-7905c36d6e73) with status $201
2024-01-29 21:31:15,566 - basicLogger - INFO - Received event Hotel Activity Booking request with a trace id of c7780384-5129-46ee-88ac-09ee426df823
2024-01-29 21:31:15,568 - basicLogger - INFO - Returned event Hotel Room Booking response (Id: $81a45626-b898-431c-8167-e32e28afbabe) with status $201
2024-01-29 21:31:15,580 - basicLogger - INFO - Received event Hotel Activity Booking request with a trace id of 89378fba-5a48-4df3-ae02-372c0ba6b277
2024-01-29 21:31:15,663 - basicLogger - INFO - Returned event Hotel Room Booking response (Id: $dda86434-f677-4348-9837-469a0a4bef77) with status $201
2024-01-29 21:31:15,673 - basicLogger - INFO - Received event Hotel Activity Booking request with a trace id of c4eb41cf-62ae-428f-800b-8af25bd4ee8c
2024-01-29 21:31:15,788 - basicLogger - INFO - Returned event Hotel Room Booking response (Id: $e3bc330a-7e77-4874-9374-14bb60350ab4) with status $201
2024-01-29 21:31:15,801 - basicLogger - INFO - Received event Hotel Activity Booking request with a trace id of 623a6cb3-87f7-4ce5-83eb-b58423a44d7a
2024-01-29 21:31:15,930 - basicLogger - INFO - Returned event Hotel Room Booking response (Id: $7434144a-10e7-4b10-97bd-f1f62a161c56) with status $201
2024-01-29 21:31:15,944 - basicLogger - INFO - Returned event Hotel Room Booking response (Id: $1c3fba23-332f-496e-a374-d48d6286e2fa) with status $201
2024-01-29 21:31:15,945 - basicLogger - INFO - Received event Hotel Activity Booking request with a trace id of 0dc6c46b-e783-42bd-869c-73e82cd11837
2024-01-29 21:31:15,955 - basicLogger - INFO - Received event Hotel Activity Booking request with a trace id of fe5bc94d-9e57-49b6-a5ef-0d63fb84dfde
2024-01-29 21:31:15,974 - basicLogger - INFO - Returned event Hotel Room Booking response (Id: $3d7d6901-acd2-41f4-b3d1-6c1d8baef4e7) with status $201
2024-01-29 21:31:15,985 - basicLogger - INFO - Received event Hotel Activity Booking request with a trace id of b144dd28-6851-47a4-a052-b3748c461d9c
2024-01-29 21:31:17,333 - basicLogger - INFO - Returned event Hotel Activity Booking response (Id: 21f0aed1-0f6f-49e7-a520-21d7c9830165) with status 201
2024-01-29 21:31:17,347 - basicLogger - INFO - Returned event Hotel Activity Booking response (Id: 21982c3f-6838-425e-bfb4-6ed672520d0f) with status 201
2024-01-29 21:31:17,352 - basicLogger - INFO - Received event Hotel Room Booking request with a trace id of 570473f4-d5b0-4b3b-8614-7f814b74f869
2024-01-29 21:31:17,365 - basicLogger - INFO - Received event Hotel Room Booking request with a trace id of 6bdedb1a-870b-492d-86fe-9030c6643e00
2024-01-29 21:31:17,460 - basicLogger - INFO - Returned event Hotel Activity Booking response (Id: ee355748-79ed-4bed-b5e6-13711452dc38) with status 201
2024-01-29 21:31:17,480 - basicLogger - INFO - Received event Hotel Room Booking request with a trace id of 40dbd999-394f-43f4-9483-fd39c18b132b
2024-01-29 21:31:17,627 - basicLogger - INFO - Returned event Hotel Activity Booking response (Id: c7780384-5129-46ee-88ac-09ee426df823) with status 201
2024-01-29 21:31:17,640 - basicLogger - INFO - Returned event Hotel Activity Booking response (Id: 89378fba-5a48-4df3-ae02-372c0ba6b277) with status 201
2024-01-29 21:31:17,640 - basicLogger - INFO - Received event Hotel Room Booking request with a trace id of 3e5d8c49-bf4a-4e0a-81d6-170038bc789a
2024-01-29 21:31:17,651 - basicLogger - INFO - Received event Hotel Room Booking request with a trace id of ad2b8e00-0fee-4199-9436-7143341eb9a2
2024-01-29 21:31:17,735 - basicLogger - INFO - Returned event Hotel Activity Booking response (Id: c4eb41cf-62ae-428f-800b-8af25bd4ee8c) with status 201
2024-01-29 21:31:17,749 - basicLogger - INFO - Received event Hotel Room Booking request with a trace id of e025a13b-95b7-47dc-8af9-9d8d8b133115
2024-01-29 21:31:17,858 - basicLogger - INFO - Returned event Hotel Activity Booking response (Id: 623a6cb3-87f7-4ce5-83eb-b58423a44d7a) with status 201
2024-01-29 21:31:17,870 - basicLogger - INFO - Received event Hotel Room Booking request with a trace id of f4fee3f8-f5d6-40a7-9a60-c24f64c124f7
2024-01-29 21:31:18,017 - basicLogger - INFO - Returned event Hotel Activity Booking response (Id: fe5bc94d-9e57-49b6-a5ef-0d63fb84dfde) with status 201
2024-01-29 21:31:18,018 - basicLogger - INFO - Returned event Hotel Activity Booking response (Id: 0dc6c46b-e783-42bd-869c-73e82cd11837) with status 201
2024-01-29 21:31:18,033 - basicLogger - INFO - Received event Hotel Room Booking request with a trace id of 47ce1f9d-703f-472d-b6ae-c888076971fb
2024-01-29 21:31:18,033 - basicLogger - INFO - Received event Hotel Room Booking request with a trace id of 7a1819fd-7022-42c5-b260-93fa77d7a4f7
2024-01-29 21:31:18,045 - basicLogger - INFO - Returned event Hotel Activity Booking response (Id: b144dd28-6851-47a4-a052-b3748c461d9c) with status 201
2024-01-29 21:31:18,103 - basicLogger - INFO - Received event Hotel Room Booking request with a trace id of 3f2d626e-24f6-42b5-9ccf-9d4c6b1689af
2024-01-29 21:31:19,418 - basicLogger - INFO - Returned event Hotel Room Booking response (Id: $570473f4-d5b0-4b3b-8614-7f814b74f869) with status $201
2024-01-29 21:31:19,431 - basicLogger - INFO - Returned event Hotel Room Booking response (Id: $6bdedb1a-870b-492d-86fe-9030c6643e00) with status $201
2024-01-29 21:31:19,437 - basicLogger - INFO - Received event Hotel Activity Booking request with a trace id of fdf8259a-70d5-4174-a04c-83aa39402063
2024-01-29 21:31:19,445 - basicLogger - INFO - Received event Hotel Activity Booking request with a trace id of a7726c11-d658-47a3-8646-cba5c2d23a82
2024-01-29 21:31:19,541 - basicLogger - INFO - Returned event Hotel Room Booking response (Id: $40dbd999-394f-43f4-9483-fd39c18b132b) with status $201
2024-01-29 21:31:19,562 - basicLogger - INFO - Received event Hotel Activity Booking request with a trace id of 16b0e7ee-1820-438f-af2a-0d2e4f43fdb8
2024-01-29 21:31:19,713 - basicLogger - INFO - Returned event Hotel Room Booking response (Id: $3e5d8c49-bf4a-4e0a-81d6-170038bc789a) with status $201
2024-01-29 21:31:19,715 - basicLogger - INFO - Returned event Hotel Room Booking response (Id: $ad2b8e00-0fee-4199-9436-7143341eb9a2) with status $201
2024-01-29 21:31:19,728 - basicLogger - INFO - Received event Hotel Activity Booking request with a trace id of 4af6b56a-64ff-4584-b223-a591336c7040
2024-01-29 21:31:19,729 - basicLogger - INFO - Received event Hotel Activity Booking request with a trace id of b09c3a60-f78d-42f2-8457-0471a1934264
2024-01-29 21:31:19,803 - basicLogger - INFO - Returned event Hotel Room Booking response (Id: $e025a13b-95b7-47dc-8af9-9d8d8b133115) with status $201
2024-01-29 21:31:19,817 - basicLogger - INFO - Received event Hotel Activity Booking request with a trace id of 910e3f6c-200b-484c-9558-b95b9c3b2fde
2024-01-29 21:31:19,928 - basicLogger - INFO - Returned event Hotel Room Booking response (Id: $f4fee3f8-f5d6-40a7-9a60-c24f64c124f7) with status $201
2024-01-29 21:31:19,943 - basicLogger - INFO - Received event Hotel Activity Booking request with a trace id of 3cb5f1d5-bef9-46ce-985a-b002fddb2b24
2024-01-29 21:31:20,100 - basicLogger - INFO - Returned event Hotel Room Booking response (Id: $7a1819fd-7022-42c5-b260-93fa77d7a4f7) with status $201
2024-01-29 21:31:20,101 - basicLogger - INFO - Returned event Hotel Room Booking response (Id: $47ce1f9d-703f-472d-b6ae-c888076971fb) with status $201
2024-01-29 21:31:20,158 - basicLogger - INFO - Returned event Hotel Room Booking response (Id: $3f2d626e-24f6-42b5-9ccf-9d4c6b1689af) with status $201
2024-01-29 21:31:20,191 - basicLogger - INFO - Received event Hotel Activity Booking request with a trace id of 79fe22cf-5b29-44f5-93db-020b11e0aa82
2024-01-29 21:31:20,194 - basicLogger - INFO - Received event Hotel Activity Booking request with a trace id of 169c857a-a1b1-42a4-bf4e-eb4ae0b74c11
2024-01-29 21:31:20,196 - basicLogger - INFO - Received event Hotel Activity Booking request with a trace id of 8e617f0f-638f-4f44-af9e-cd197567b76f
2024-01-29 21:31:21,499 - basicLogger - INFO - Returned event Hotel Activity Booking response (Id: fdf8259a-70d5-4174-a04c-83aa39402063) with status 201
2024-01-29 21:31:21,515 - basicLogger - INFO - Returned event Hotel Activity Booking response (Id: a7726c11-d658-47a3-8646-cba5c2d23a82) with status 201
2024-01-29 21:31:21,607 - basicLogger - INFO - Returned event Hotel Activity Booking response (Id: 16b0e7ee-1820-438f-af2a-0d2e4f43fdb8) with status 201
2024-01-29 21:31:21,784 - basicLogger - INFO - Returned event Hotel Activity Booking response (Id: 4af6b56a-64ff-4584-b223-a591336c7040) with status 201
2024-01-29 21:31:21,785 - basicLogger - INFO - Returned event Hotel Activity Booking response (Id: b09c3a60-f78d-42f2-8457-0471a1934264) with status 201
2024-01-29 21:31:21,886 - basicLogger - INFO - Returned event Hotel Activity Booking response (Id: 910e3f6c-200b-484c-9558-b95b9c3b2fde) with status 201
2024-01-29 21:31:22,013 - basicLogger - INFO - Returned event Hotel Activity Booking response (Id: 3cb5f1d5-bef9-46ce-985a-b002fddb2b24) with status 201
2024-01-29 21:31:22,236 - basicLogger - INFO - Returned event Hotel Activity Booking response (Id: 79fe22cf-5b29-44f5-93db-020b11e0aa82) with status 201
2024-01-29 21:31:22,241 - basicLogger - INFO - Returned event Hotel Activity Booking response (Id: 169c857a-a1b1-42a4-bf4e-eb4ae0b74c11) with status 201
2024-01-29 21:31:22,249 - basicLogger - INFO - Returned event Hotel Activity Booking response (Id: 8e617f0f-638f-4f44-af9e-cd197567b76f) with status 201
