2024-01-29 21:30:42,165 - basicLogger - INFO - Stored event Hotel Room Booking request with a trace id of 46090dbd-02f4-454d-ba1b-b746a8704d79
2024-01-29 21:30:42,223 - basicLogger - INFO - Stored event Hotel Room Booking request with a trace id of e905a21e-99db-48e9-a19c-9a02bb5d1451
2024-01-29 21:30:42,307 - basicLogger - INFO - Stored event Hotel Room Booking request with a trace id of a78e43ea-8c85-497f-8615-34c4aa9c1cfa
2024-01-29 21:30:42,428 - basicLogger - INFO - Stored event Hotel Room Booking request with a trace id of 666e05b4-4a35-49b3-a9d0-28793f4610e6
2024-01-29 21:30:42,524 - basicLogger - INFO - Stored event Hotel Room Booking request with a trace id of d7cf610a-a1a8-4b74-a0ba-9f3e3e9ab5c2
2024-01-29 21:30:42,623 - basicLogger - INFO - Stored event Hotel Room Booking request with a trace id of f44e672e-241e-412a-aaab-60d6b8c9b2d6
2024-01-29 21:30:42,723 - basicLogger - INFO - Stored event Hotel Room Booking request with a trace id of 750a5456-5edd-4ebb-bad5-fc7898423972
2024-01-29 21:30:42,824 - basicLogger - INFO - Stored event Hotel Room Booking request with a trace id of da18cdbf-aa78-4f24-b3d1-9a9a10bc8bbb
2024-01-29 21:30:42,925 - basicLogger - INFO - Stored event Hotel Room Booking request with a trace id of f6a26911-3f79-47d5-8ab5-db8b0474f5ac
2024-01-29 21:30:43,008 - basicLogger - INFO - Stored event Hotel Room Booking request with a trace id of d53b072d-9963-4e2f-bb24-ce3c1f735520
2024-01-29 21:30:44,227 - basicLogger - INFO - Stored event Hotel Activity Booking request with a trace id of df5afd6b-c718-4471-9d4f-7ae8f716112e
2024-01-29 21:30:44,283 - basicLogger - INFO - Stored event Hotel Activity Booking request with a trace id of f24dd6bc-bcb5-40be-bd26-a0fe5d6f8f25
2024-01-29 21:30:44,358 - basicLogger - INFO - Stored event Hotel Activity Booking request with a trace id of 57725f9a-713b-4ce6-b167-f517daaf4df3
2024-01-29 21:30:44,488 - basicLogger - INFO - Stored event Hotel Activity Booking request with a trace id of 9714f27e-8e51-4bb8-b81d-a9a33dfac2cd
2024-01-29 21:30:44,590 - basicLogger - INFO - Stored event Hotel Activity Booking request with a trace id of af52c86a-7d27-42b8-93f4-e14d2efe42e8
2024-01-29 21:30:44,690 - basicLogger - INFO - Stored event Hotel Activity Booking request with a trace id of c9901a75-de5b-4bf7-a651-04d8b5e2fc5b
2024-01-29 21:30:44,792 - basicLogger - INFO - Stored event Hotel Activity Booking request with a trace id of f3d04814-0173-4a7c-94c9-fb7e2966fe0a
2024-01-29 21:30:44,875 - basicLogger - INFO - Stored event Hotel Activity Booking request with a trace id of f585ebf2-201b-4162-aaab-97fa72f85c52
2024-01-29 21:30:44,974 - basicLogger - INFO - Stored event Hotel Activity Booking request with a trace id of bc05ebd0-9671-4076-99e6-309919b33c6a
2024-01-29 21:30:45,058 - basicLogger - INFO - Stored event Hotel Activity Booking request with a trace id of a328a66b-5927-42d7-ac4c-98f6bab96ce4
2024-01-29 21:30:46,277 - basicLogger - INFO - Stored event Hotel Room Booking request with a trace id of 00fb6040-26f9-4628-9a19-9d1ef987265e
2024-01-29 21:30:46,340 - basicLogger - INFO - Stored event Hotel Room Booking request with a trace id of 53836f03-f236-4eff-a260-9cc64e2bbea8
2024-01-29 21:30:46,408 - basicLogger - INFO - Stored event Hotel Room Booking request with a trace id of e75268ff-7d96-465a-9f2b-885cb0656dce
2024-01-29 21:30:46,554 - basicLogger - INFO - Stored event Hotel Room Booking request with a trace id of 27edcaae-6258-494b-8d08-81c51d58d711
2024-01-29 21:30:46,658 - basicLogger - INFO - Stored event Hotel Room Booking request with a trace id of 099d181f-0830-41b1-85c1-8cab0f486d7d
2024-01-29 21:30:46,756 - basicLogger - INFO - Stored event Hotel Room Booking request with a trace id of 1ff888ff-1c52-445c-88b3-ae321174a972
2024-01-29 21:30:46,858 - basicLogger - INFO - Stored event Hotel Room Booking request with a trace id of 13372924-364d-46db-ba88-8d99bca795a3
2024-01-29 21:30:46,935 - basicLogger - INFO - Stored event Hotel Room Booking request with a trace id of 62666e0e-ee4f-409c-b088-09906f46d34f
2024-01-29 21:30:47,025 - basicLogger - INFO - Stored event Hotel Room Booking request with a trace id of 510782b2-9b53-4888-a1c9-c256a4bbac8a
2024-01-29 21:30:47,108 - basicLogger - INFO - Stored event Hotel Room Booking request with a trace id of 04f933a3-746f-40c2-8ba7-d6200f680afb
2024-01-29 21:30:48,333 - basicLogger - INFO - Stored event Hotel Activity Booking request with a trace id of 07214072-dfbb-44d8-aa84-b69316e2a48f
2024-01-29 21:30:48,403 - basicLogger - INFO - Stored event Hotel Activity Booking request with a trace id of e519ce2d-554c-4341-b445-688f4f7ea12f
2024-01-29 21:30:48,471 - basicLogger - INFO - Stored event Hotel Activity Booking request with a trace id of 09cf9c8b-8816-47ab-91b8-fe25e4e44fc4
2024-01-29 21:30:48,620 - basicLogger - INFO - Stored event Hotel Activity Booking request with a trace id of 90ac96e9-597d-4707-95fd-87f7045b3cc6
2024-01-29 21:30:48,709 - basicLogger - INFO - Stored event Hotel Activity Booking request with a trace id of 1ce9221c-5ceb-41ea-a090-c270842529be
2024-01-29 21:30:48,822 - basicLogger - INFO - Stored event Hotel Activity Booking request with a trace id of 3bbd654c-41a2-4971-aa76-f78316c9a490
2024-01-29 21:30:48,925 - basicLogger - INFO - Stored event Hotel Activity Booking request with a trace id of 92fd6c24-5db8-4c94-b956-d43aa03a2559
2024-01-29 21:30:48,997 - basicLogger - INFO - Stored event Hotel Activity Booking request with a trace id of 0974d45d-9c67-4b1a-b95f-b19f2f029aef
2024-01-29 21:30:49,094 - basicLogger - INFO - Stored event Hotel Activity Booking request with a trace id of 69141f0b-5819-495d-8031-fb62475e2749
2024-01-29 21:30:49,174 - basicLogger - INFO - Stored event Hotel Activity Booking request with a trace id of 5237bf8e-be87-40ad-ae72-ec87b0400b6a
2024-01-29 21:30:50,403 - basicLogger - INFO - Stored event Hotel Room Booking request with a trace id of 1f495d0a-caae-4422-b22c-fa05ed587dd6
2024-01-29 21:30:50,448 - basicLogger - INFO - Stored event Hotel Room Booking request with a trace id of 6104e5ff-2f9d-47e8-b104-d3573957d742
2024-01-29 21:30:50,525 - basicLogger - INFO - Stored event Hotel Room Booking request with a trace id of b46540d8-6d9f-4d9f-82cc-c576d2314f49
2024-01-29 21:30:50,703 - basicLogger - INFO - Stored event Hotel Room Booking request with a trace id of 05747f23-6f25-47dc-aa3a-6428ed27cb85
2024-01-29 21:30:50,784 - basicLogger - INFO - Stored event Hotel Room Booking request with a trace id of 91edf84a-21b7-4dc0-b980-b02dcd7e1ad7
2024-01-29 21:30:50,894 - basicLogger - INFO - Stored event Hotel Room Booking request with a trace id of 228d5ce7-1eeb-4eed-9f16-1344cbf919e7
2024-01-29 21:30:50,974 - basicLogger - INFO - Stored event Hotel Room Booking request with a trace id of 8f69c024-8eed-4226-92cd-e05a07beca65
2024-01-29 21:30:51,059 - basicLogger - INFO - Stored event Hotel Room Booking request with a trace id of f8893c58-2c14-413d-a2c8-b78c4320faef
2024-01-29 21:30:51,158 - basicLogger - INFO - Stored event Hotel Room Booking request with a trace id of 35e59514-5428-4344-8ac3-82ba63c65eff
2024-01-29 21:30:51,234 - basicLogger - INFO - Stored event Hotel Room Booking request with a trace id of cdadc8f5-4646-4374-bbae-a40e3908c421
2024-01-29 21:30:52,454 - basicLogger - INFO - Stored event Hotel Activity Booking request with a trace id of 0e9f867f-55ca-413e-9b72-8e422a9dd2e5
2024-01-29 21:30:52,506 - basicLogger - INFO - Stored event Hotel Activity Booking request with a trace id of 30f27bfb-4ca0-47fc-b68f-6bc8da358ba9
2024-01-29 21:30:52,598 - basicLogger - INFO - Stored event Hotel Activity Booking request with a trace id of 93128bf0-871d-437f-898b-68bba965a8ac
2024-01-29 21:30:52,753 - basicLogger - INFO - Stored event Hotel Activity Booking request with a trace id of ee0e44ee-b69c-4208-99e7-f62673c19fa7
2024-01-29 21:30:52,832 - basicLogger - INFO - Stored event Hotel Activity Booking request with a trace id of 750c95c5-a0d6-4de1-826e-33d8c4032228
2024-01-29 21:30:52,952 - basicLogger - INFO - Stored event Hotel Activity Booking request with a trace id of 0cea8ed7-d6cb-42b7-bd4a-a71235a9ce45
2024-01-29 21:30:53,025 - basicLogger - INFO - Stored event Hotel Activity Booking request with a trace id of cbcb837e-4e1e-4592-b9ea-93bcd0081a41
2024-01-29 21:30:53,109 - basicLogger - INFO - Stored event Hotel Activity Booking request with a trace id of b0c49920-1959-4b98-9874-2e5a0fe93ab7
2024-01-29 21:30:53,210 - basicLogger - INFO - Stored event Hotel Activity Booking request with a trace id of 49b8ec2c-737a-4bd9-b5b9-e4ec376adaff
2024-01-29 21:30:53,280 - basicLogger - INFO - Stored event Hotel Activity Booking request with a trace id of af0b55f1-56ae-49f7-b279-48c08886f213
2024-01-29 21:30:54,515 - basicLogger - INFO - Stored event Hotel Room Booking request with a trace id of 276c8e43-fd51-46d6-98ef-822aff56d56f
2024-01-29 21:30:54,550 - basicLogger - INFO - Stored event Hotel Room Booking request with a trace id of 6269b2cd-f048-4dce-8f12-a7c3c7a917fa
2024-01-29 21:30:54,656 - basicLogger - INFO - Stored event Hotel Room Booking request with a trace id of ecfa4a31-5fe9-44c1-9e9b-b0b9d211757f
2024-01-29 21:30:54,805 - basicLogger - INFO - Stored event Hotel Room Booking request with a trace id of 200b6f20-7320-4ba1-a41e-e908d8744772
2024-01-29 21:30:54,877 - basicLogger - INFO - Stored event Hotel Room Booking request with a trace id of 919fb167-55b9-4a8b-b1b3-51fe01538076
2024-01-29 21:30:54,989 - basicLogger - INFO - Stored event Hotel Room Booking request with a trace id of 4d3d83ab-6eb4-4375-9e3b-5f986cd5ade5
2024-01-29 21:30:55,092 - basicLogger - INFO - Stored event Hotel Room Booking request with a trace id of a136fb4b-c9ba-4d98-9c67-1a004565770a
2024-01-29 21:30:55,159 - basicLogger - INFO - Stored event Hotel Room Booking request with a trace id of 07f97206-dc23-4490-a362-9ba3cde64b4c
2024-01-29 21:30:55,274 - basicLogger - INFO - Stored event Hotel Room Booking request with a trace id of bee752cf-a101-4ba5-9736-d19fd36cae78
2024-01-29 21:30:55,336 - basicLogger - INFO - Stored event Hotel Room Booking request with a trace id of 490747e2-2f35-49e2-afdc-e62fa1f76a45
2024-01-29 21:30:56,575 - basicLogger - INFO - Stored event Hotel Activity Booking request with a trace id of 0af73f10-7232-44ba-a9c8-5a7c849e6c09
2024-01-29 21:30:56,599 - basicLogger - INFO - Stored event Hotel Activity Booking request with a trace id of 74662da0-fb27-484a-9c04-305bf29bf3fd
2024-01-29 21:30:56,742 - basicLogger - INFO - Stored event Hotel Activity Booking request with a trace id of 994e7cdb-1b04-44a6-811e-b16b25dd988f
2024-01-29 21:30:56,877 - basicLogger - INFO - Stored event Hotel Activity Booking request with a trace id of 3b5b6336-7d79-425f-ac91-6d1cd2ee0b60
2024-01-29 21:30:56,956 - basicLogger - INFO - Stored event Hotel Activity Booking request with a trace id of ee0bb86e-4342-4378-9af4-4629e737af8f
2024-01-29 21:30:57,065 - basicLogger - INFO - Stored event Hotel Activity Booking request with a trace id of 596032c8-556b-4f73-b844-a5f56c2ba391
2024-01-29 21:30:57,160 - basicLogger - INFO - Stored event Hotel Activity Booking request with a trace id of aa017f3f-498b-4f5d-bbc3-223ce372b71e
2024-01-29 21:30:57,240 - basicLogger - INFO - Stored event Hotel Activity Booking request with a trace id of 9b4fa3ed-5fb1-4a26-b378-e204bdea3b5a
2024-01-29 21:30:57,348 - basicLogger - INFO - Stored event Hotel Activity Booking request with a trace id of 2c7b9efd-1fed-4d95-9c11-b9322571ca46
2024-01-29 21:30:57,390 - basicLogger - INFO - Stored event Hotel Activity Booking request with a trace id of 3a3f893e-823e-492c-8c18-a74648dc10c2
2024-01-29 21:30:58,650 - basicLogger - INFO - Stored event Hotel Room Booking request with a trace id of a7e36f7e-2ff6-4423-93cb-e77587e8d707
2024-01-29 21:30:58,660 - basicLogger - INFO - Stored event Hotel Room Booking request with a trace id of 1f8e0636-0c97-435a-8a4c-e851ca6f35f3
2024-01-29 21:30:58,803 - basicLogger - INFO - Stored event Hotel Room Booking request with a trace id of 2a5163af-25f8-41b6-a8ad-7cf5f01c5bf0
2024-01-29 21:30:58,947 - basicLogger - INFO - Stored event Hotel Room Booking request with a trace id of 4540a6ea-53ed-4640-a54e-fa02a1d27039
2024-01-29 21:30:59,022 - basicLogger - INFO - Stored event Hotel Room Booking request with a trace id of a133d9e3-83bf-4e4e-a6a4-74c958cc75e0
2024-01-29 21:30:59,146 - basicLogger - INFO - Stored event Hotel Room Booking request with a trace id of 079b1624-fb8c-4de7-a719-56b3f5c82344
2024-01-29 21:30:59,224 - basicLogger - INFO - Stored event Hotel Room Booking request with a trace id of 2556b096-8ecf-44a2-9d4a-c6589efa0e98
2024-01-29 21:30:59,319 - basicLogger - INFO - Stored event Hotel Room Booking request with a trace id of 4d8bda40-2198-4184-b0b1-79db25c898b2
2024-01-29 21:30:59,426 - basicLogger - INFO - Stored event Hotel Room Booking request with a trace id of 88988a5b-6b64-4e60-bbba-641a071a2c45
2024-01-29 21:30:59,455 - basicLogger - INFO - Stored event Hotel Room Booking request with a trace id of 973f3f65-4897-490b-8845-4bf16be39c42
2024-01-29 21:31:00,731 - basicLogger - INFO - Stored event Hotel Activity Booking request with a trace id of f493cee8-b9b9-48fb-853f-5a016c49a632
2024-01-29 21:31:00,735 - basicLogger - INFO - Stored event Hotel Activity Booking request with a trace id of 08212e22-c193-446a-8f7a-9f07bd42f3cc
2024-01-29 21:31:00,868 - basicLogger - INFO - Stored event Hotel Activity Booking request with a trace id of a53189a7-1b51-4612-8028-c9f6214e07a8
2024-01-29 21:31:01,009 - basicLogger - INFO - Stored event Hotel Activity Booking request with a trace id of 95c6440d-c49f-4349-8204-3bcf08971a49
2024-01-29 21:31:01,085 - basicLogger - INFO - Stored event Hotel Activity Booking request with a trace id of 12ada27d-7313-4113-b26f-9787d7ea8460
2024-01-29 21:31:01,205 - basicLogger - INFO - Stored event Hotel Activity Booking request with a trace id of 15189477-6a38-4181-8e85-04dc609407ab
2024-01-29 21:31:01,284 - basicLogger - INFO - Stored event Hotel Activity Booking request with a trace id of 365bdb1c-40df-429b-85b5-c72925d7f22f
2024-01-29 21:31:01,378 - basicLogger - INFO - Stored event Hotel Activity Booking request with a trace id of 5f4123d0-547b-4c5a-8098-eaf78eafb1dc
2024-01-29 21:31:01,487 - basicLogger - INFO - Stored event Hotel Activity Booking request with a trace id of f0992ed8-e07e-4d57-873c-425e9a10f611
2024-01-29 21:31:01,515 - basicLogger - INFO - Stored event Hotel Activity Booking request with a trace id of 61d1c543-2503-4ac6-b686-7e54987a7b95
2024-01-29 21:31:02,814 - basicLogger - INFO - Stored event Hotel Room Booking request with a trace id of 175bbbf6-35e0-4260-8f56-9e9ca35b73e2
2024-01-29 21:31:02,815 - basicLogger - INFO - Stored event Hotel Room Booking request with a trace id of 195756a1-ea35-4d4f-8526-e6faca04c5bc
2024-01-29 21:31:02,954 - basicLogger - INFO - Stored event Hotel Room Booking request with a trace id of 44475c29-4d57-4052-9832-2f5fff5a4ca3
2024-01-29 21:31:03,080 - basicLogger - INFO - Stored event Hotel Room Booking request with a trace id of 43d68e97-e232-43f7-bf93-f90d3166937a
2024-01-29 21:31:03,158 - basicLogger - INFO - Stored event Hotel Room Booking request with a trace id of cc1f21b4-88fd-4fb2-8586-9ec217e447bb
2024-01-29 21:31:03,264 - basicLogger - INFO - Stored event Hotel Room Booking request with a trace id of 2410fb88-55ba-4062-8bf0-a79d23879bde
2024-01-29 21:31:03,345 - basicLogger - INFO - Stored event Hotel Room Booking request with a trace id of c51355cf-ee83-4818-8838-3c0c076635b5
2024-01-29 21:31:03,454 - basicLogger - INFO - Stored event Hotel Room Booking request with a trace id of 29da3292-af76-4409-b528-1d52ff1bbe20
2024-01-29 21:31:03,558 - basicLogger - INFO - Stored event Hotel Room Booking request with a trace id of 4364d253-54b1-40a4-ac0c-d929bb4069ba
2024-01-29 21:31:03,572 - basicLogger - INFO - Stored event Hotel Room Booking request with a trace id of bdd061c9-a05c-4c0e-b11d-856c43171201
2024-01-29 21:31:04,901 - basicLogger - INFO - Stored event Hotel Activity Booking request with a trace id of 1c30bec9-1877-4340-9cd9-d68a69583d1a
2024-01-29 21:31:04,902 - basicLogger - INFO - Stored event Hotel Activity Booking request with a trace id of b7483cf4-3df2-4445-9526-2a2253803348
2024-01-29 21:31:05,018 - basicLogger - INFO - Stored event Hotel Activity Booking request with a trace id of 272d67e5-9f1f-4831-8b2f-ece885561028
2024-01-29 21:31:05,161 - basicLogger - INFO - Stored event Hotel Activity Booking request with a trace id of 598bb4b3-4d0e-42fc-9b4d-8db5172cb0ad
2024-01-29 21:31:05,236 - basicLogger - INFO - Stored event Hotel Activity Booking request with a trace id of 75ff6ce9-f946-4cf8-87d4-5ff71d47c288
2024-01-29 21:31:05,332 - basicLogger - INFO - Stored event Hotel Activity Booking request with a trace id of 047b5617-7afa-44a1-834e-a087c29d47d3
2024-01-29 21:31:05,426 - basicLogger - INFO - Stored event Hotel Activity Booking request with a trace id of ee023415-ddda-4d37-879c-12a062b81f08
2024-01-29 21:31:05,536 - basicLogger - INFO - Stored event Hotel Activity Booking request with a trace id of 0eb5f1d4-1331-4b97-a73e-f15fb42f5962
2024-01-29 21:31:05,625 - basicLogger - INFO - Stored event Hotel Activity Booking request with a trace id of 9c97d454-d1d0-4128-848a-c0dfd7786338
2024-01-29 21:31:05,638 - basicLogger - INFO - Stored event Hotel Activity Booking request with a trace id of 12542aa6-acc5-40be-b204-2ccaef006230
2024-01-29 21:31:06,966 - basicLogger - INFO - Stored event Hotel Room Booking request with a trace id of 88070eff-c974-433a-a3cc-2955607c1963
2024-01-29 21:31:06,980 - basicLogger - INFO - Stored event Hotel Room Booking request with a trace id of 79817e2d-4d0a-4e1c-8f83-97577f842966
2024-01-29 21:31:07,093 - basicLogger - INFO - Stored event Hotel Room Booking request with a trace id of df27817e-c4f8-405f-a383-54b477b727b3
2024-01-29 21:31:07,247 - basicLogger - INFO - Stored event Hotel Room Booking request with a trace id of ab2ca1a7-d681-4023-be4f-36c881dc15c6
2024-01-29 21:31:07,291 - basicLogger - INFO - Stored event Hotel Room Booking request with a trace id of 814b71b4-f60b-4dee-aaca-1ed0eeb5c380
2024-01-29 21:31:07,401 - basicLogger - INFO - Stored event Hotel Room Booking request with a trace id of fc16c048-2cf7-4ed3-be76-3b38e80bf418
2024-01-29 21:31:07,512 - basicLogger - INFO - Stored event Hotel Room Booking request with a trace id of 7950da30-e471-41e5-aef4-98773ddcf319
2024-01-29 21:31:07,621 - basicLogger - INFO - Stored event Hotel Room Booking request with a trace id of 27cbd1c4-3082-4b50-987d-98f2a48f0355
2024-01-29 21:31:07,677 - basicLogger - INFO - Stored event Hotel Room Booking request with a trace id of 3601e659-f331-4ed1-9817-8cd6cafc96b4
2024-01-29 21:31:07,694 - basicLogger - INFO - Stored event Hotel Room Booking request with a trace id of 0084fb78-d6c7-487d-8fed-19f55e8e3462
2024-01-29 21:31:09,040 - basicLogger - INFO - Stored event Hotel Activity Booking request with a trace id of 67110e1f-4f19-4618-aa6a-1b94dbbb4355
2024-01-29 21:31:09,053 - basicLogger - INFO - Stored event Hotel Activity Booking request with a trace id of 9795b771-7f97-45c8-999a-34f2515966f0
2024-01-29 21:31:09,166 - basicLogger - INFO - Stored event Hotel Activity Booking request with a trace id of 9ba3385d-c20d-4f20-b50e-9e271f449b60
2024-01-29 21:31:09,325 - basicLogger - INFO - Stored event Hotel Activity Booking request with a trace id of e1af6fc7-40d5-4ebe-b2c4-c678e785c87c
2024-01-29 21:31:09,357 - basicLogger - INFO - Stored event Hotel Activity Booking request with a trace id of 1a294e9c-67e0-41ee-a028-57eda3e85092
2024-01-29 21:31:09,449 - basicLogger - INFO - Stored event Hotel Activity Booking request with a trace id of a7874817-9ab3-4bcd-8fb0-56c740db8d7d
2024-01-29 21:31:09,575 - basicLogger - INFO - Stored event Hotel Activity Booking request with a trace id of 77f33ebf-9372-4b62-9a11-399f1446f518
2024-01-29 21:31:09,696 - basicLogger - INFO - Stored event Hotel Activity Booking request with a trace id of 63b68340-c0c6-4142-82e2-93980deb5e69
2024-01-29 21:31:09,739 - basicLogger - INFO - Stored event Hotel Activity Booking request with a trace id of 2cd039bd-0c50-4ca5-b867-decc031b2662
2024-01-29 21:31:09,775 - basicLogger - INFO - Stored event Hotel Activity Booking request with a trace id of e48586af-8180-487e-b9e9-f9f4ac5cc1b7
2024-01-29 21:31:11,091 - basicLogger - INFO - Stored event Hotel Room Booking request with a trace id of f9ff044e-fb22-446d-919a-c248d7ceaf48
2024-01-29 21:31:11,105 - basicLogger - INFO - Stored event Hotel Room Booking request with a trace id of 470966ca-ef6d-4720-a1e5-59eb836de20d
2024-01-29 21:31:11,233 - basicLogger - INFO - Stored event Hotel Room Booking request with a trace id of cae762b2-3011-4614-a2c6-9100a6014f90
2024-01-29 21:31:11,398 - basicLogger - INFO - Stored event Hotel Room Booking request with a trace id of b4e5dc12-14c8-49f1-8e4b-e9677921c4df
2024-01-29 21:31:11,442 - basicLogger - INFO - Stored event Hotel Room Booking request with a trace id of a14786f8-ca2a-47c9-b112-540df278a78c
2024-01-29 21:31:11,516 - basicLogger - INFO - Stored event Hotel Room Booking request with a trace id of c0e7cf83-0685-46d0-82c1-e82ae5a30e26
2024-01-29 21:31:11,648 - basicLogger - INFO - Stored event Hotel Room Booking request with a trace id of c5df4806-fde1-4cd6-b38d-c8346a3c6b14
2024-01-29 21:31:11,769 - basicLogger - INFO - Stored event Hotel Room Booking request with a trace id of cc9e6c7d-559d-44f3-bc1b-6b29b8217788
2024-01-29 21:31:11,804 - basicLogger - INFO - Stored event Hotel Room Booking request with a trace id of d043e54a-ff6e-4f08-a42a-f8f4e86cbe49
2024-01-29 21:31:11,835 - basicLogger - INFO - Stored event Hotel Room Booking request with a trace id of 84192f73-53e1-45eb-8254-77a97b6926ca
2024-01-29 21:31:13,179 - basicLogger - INFO - Stored event Hotel Activity Booking request with a trace id of 16d3c707-ed32-4a1b-b759-4b7544d09e2d
2024-01-29 21:31:13,180 - basicLogger - INFO - Stored event Hotel Activity Booking request with a trace id of 23c95b05-0568-4db7-b2bb-f01ba4c47183
2024-01-29 21:31:13,319 - basicLogger - INFO - Stored event Hotel Activity Booking request with a trace id of 3f9122ab-c40f-45fc-a4ee-9dcda2d90968
2024-01-29 21:31:13,486 - basicLogger - INFO - Stored event Hotel Activity Booking request with a trace id of 3e106dfa-c564-41c9-aa62-1a8f6183dbdc
2024-01-29 21:31:13,500 - basicLogger - INFO - Stored event Hotel Activity Booking request with a trace id of d8e090d2-5922-41fa-b31e-97ffe3b820f3
2024-01-29 21:31:13,594 - basicLogger - INFO - Stored event Hotel Activity Booking request with a trace id of 162dc447-5c64-44e7-9f0f-16e2b95a3bb9
2024-01-29 21:31:13,722 - basicLogger - INFO - Stored event Hotel Activity Booking request with a trace id of 7fbb7e41-ee05-4e7f-a1ea-835e3e346255
2024-01-29 21:31:13,847 - basicLogger - INFO - Stored event Hotel Activity Booking request with a trace id of 481bbb24-1eb5-46f0-9669-0a4c7c424785
2024-01-29 21:31:13,872 - basicLogger - INFO - Stored event Hotel Activity Booking request with a trace id of 6949881b-b738-4c1f-8447-3e279f9d9dcc
2024-01-29 21:31:13,904 - basicLogger - INFO - Stored event Hotel Activity Booking request with a trace id of df3a1dbd-9abb-48ee-bb93-d3749cddf401
2024-01-29 21:31:15,262 - basicLogger - INFO - Stored event Hotel Room Booking request with a trace id of ce72b5c4-ca9c-43b3-9949-1f530ced6fa4
2024-01-29 21:31:15,263 - basicLogger - INFO - Stored event Hotel Room Booking request with a trace id of 4a4859d1-c402-48a6-8dea-8a524eccd465
2024-01-29 21:31:15,396 - basicLogger - INFO - Stored event Hotel Room Booking request with a trace id of d05a0aea-a2b5-49d5-b9c6-804e1b57f6fd
2024-01-29 21:31:15,552 - basicLogger - INFO - Stored event Hotel Room Booking request with a trace id of 1da32488-9915-467d-92ec-7905c36d6e73
2024-01-29 21:31:15,567 - basicLogger - INFO - Stored event Hotel Room Booking request with a trace id of 81a45626-b898-431c-8167-e32e28afbabe
2024-01-29 21:31:15,660 - basicLogger - INFO - Stored event Hotel Room Booking request with a trace id of dda86434-f677-4348-9837-469a0a4bef77
2024-01-29 21:31:15,786 - basicLogger - INFO - Stored event Hotel Room Booking request with a trace id of e3bc330a-7e77-4874-9374-14bb60350ab4
2024-01-29 21:31:15,927 - basicLogger - INFO - Stored event Hotel Room Booking request with a trace id of 7434144a-10e7-4b10-97bd-f1f62a161c56
2024-01-29 21:31:15,941 - basicLogger - INFO - Stored event Hotel Room Booking request with a trace id of 1c3fba23-332f-496e-a374-d48d6286e2fa
2024-01-29 21:31:15,972 - basicLogger - INFO - Stored event Hotel Room Booking request with a trace id of 3d7d6901-acd2-41f4-b3d1-6c1d8baef4e7
2024-01-29 21:31:17,329 - basicLogger - INFO - Stored event Hotel Activity Booking request with a trace id of 21f0aed1-0f6f-49e7-a520-21d7c9830165
2024-01-29 21:31:17,344 - basicLogger - INFO - Stored event Hotel Activity Booking request with a trace id of 21982c3f-6838-425e-bfb4-6ed672520d0f
2024-01-29 21:31:17,456 - basicLogger - INFO - Stored event Hotel Activity Booking request with a trace id of ee355748-79ed-4bed-b5e6-13711452dc38
2024-01-29 21:31:17,625 - basicLogger - INFO - Stored event Hotel Activity Booking request with a trace id of c7780384-5129-46ee-88ac-09ee426df823
2024-01-29 21:31:17,636 - basicLogger - INFO - Stored event Hotel Activity Booking request with a trace id of 89378fba-5a48-4df3-ae02-372c0ba6b277
2024-01-29 21:31:17,733 - basicLogger - INFO - Stored event Hotel Activity Booking request with a trace id of c4eb41cf-62ae-428f-800b-8af25bd4ee8c
2024-01-29 21:31:17,856 - basicLogger - INFO - Stored event Hotel Activity Booking request with a trace id of 623a6cb3-87f7-4ce5-83eb-b58423a44d7a
2024-01-29 21:31:18,014 - basicLogger - INFO - Stored event Hotel Activity Booking request with a trace id of fe5bc94d-9e57-49b6-a5ef-0d63fb84dfde
2024-01-29 21:31:18,015 - basicLogger - INFO - Stored event Hotel Activity Booking request with a trace id of 0dc6c46b-e783-42bd-869c-73e82cd11837
2024-01-29 21:31:18,042 - basicLogger - INFO - Stored event Hotel Activity Booking request with a trace id of b144dd28-6851-47a4-a052-b3748c461d9c
2024-01-29 21:31:19,414 - basicLogger - INFO - Stored event Hotel Room Booking request with a trace id of 570473f4-d5b0-4b3b-8614-7f814b74f869
2024-01-29 21:31:19,428 - basicLogger - INFO - Stored event Hotel Room Booking request with a trace id of 6bdedb1a-870b-492d-86fe-9030c6643e00
2024-01-29 21:31:19,537 - basicLogger - INFO - Stored event Hotel Room Booking request with a trace id of 40dbd999-394f-43f4-9483-fd39c18b132b
2024-01-29 21:31:19,710 - basicLogger - INFO - Stored event Hotel Room Booking request with a trace id of 3e5d8c49-bf4a-4e0a-81d6-170038bc789a
2024-01-29 21:31:19,711 - basicLogger - INFO - Stored event Hotel Room Booking request with a trace id of ad2b8e00-0fee-4199-9436-7143341eb9a2
2024-01-29 21:31:19,800 - basicLogger - INFO - Stored event Hotel Room Booking request with a trace id of e025a13b-95b7-47dc-8af9-9d8d8b133115
2024-01-29 21:31:19,924 - basicLogger - INFO - Stored event Hotel Room Booking request with a trace id of f4fee3f8-f5d6-40a7-9a60-c24f64c124f7
2024-01-29 21:31:20,096 - basicLogger - INFO - Stored event Hotel Room Booking request with a trace id of 7a1819fd-7022-42c5-b260-93fa77d7a4f7
2024-01-29 21:31:20,097 - basicLogger - INFO - Stored event Hotel Room Booking request with a trace id of 47ce1f9d-703f-472d-b6ae-c888076971fb
2024-01-29 21:31:20,155 - basicLogger - INFO - Stored event Hotel Room Booking request with a trace id of 3f2d626e-24f6-42b5-9ccf-9d4c6b1689af
2024-01-29 21:31:21,497 - basicLogger - INFO - Stored event Hotel Activity Booking request with a trace id of fdf8259a-70d5-4174-a04c-83aa39402063
2024-01-29 21:31:21,512 - basicLogger - INFO - Stored event Hotel Activity Booking request with a trace id of a7726c11-d658-47a3-8646-cba5c2d23a82
2024-01-29 21:31:21,604 - basicLogger - INFO - Stored event Hotel Activity Booking request with a trace id of 16b0e7ee-1820-438f-af2a-0d2e4f43fdb8
2024-01-29 21:31:21,781 - basicLogger - INFO - Stored event Hotel Activity Booking request with a trace id of 4af6b56a-64ff-4584-b223-a591336c7040
2024-01-29 21:31:21,782 - basicLogger - INFO - Stored event Hotel Activity Booking request with a trace id of b09c3a60-f78d-42f2-8457-0471a1934264
2024-01-29 21:31:21,884 - basicLogger - INFO - Stored event Hotel Activity Booking request with a trace id of 910e3f6c-200b-484c-9558-b95b9c3b2fde
2024-01-29 21:31:22,009 - basicLogger - INFO - Stored event Hotel Activity Booking request with a trace id of 3cb5f1d5-bef9-46ce-985a-b002fddb2b24
2024-01-29 21:31:22,231 - basicLogger - INFO - Stored event Hotel Activity Booking request with a trace id of 79fe22cf-5b29-44f5-93db-020b11e0aa82
2024-01-29 21:31:22,237 - basicLogger - INFO - Stored event Hotel Activity Booking request with a trace id of 169c857a-a1b1-42a4-bf4e-eb4ae0b74c11
2024-01-29 21:31:22,247 - basicLogger - INFO - Stored event Hotel Activity Booking request with a trace id of 8e617f0f-638f-4f44-af9e-cd197567b76f
